<?xml version="1.0" ?>
<!DOCTYPE coverage SYSTEM "http://cobertura.sourceforge.net/xml/coverage-04.dtd">
<coverage lines-valid="2718"  lines-covered="2565"  line-rate="0.9437000000000001"  branches-valid="1545"  branches-covered="1323"  branch-rate="0.8563"  timestamp="1534977550125" complexity="0" version="0.1">
<sources>
	<source>/Users/qcshi/Code/projects/blueprint/packages/core</source>
</sources>
<packages>
	<package name="src"  line-rate="1"  branch-rate="1" >
	<classes>
		<class name="index.ts"  filename="src/index.ts"  line-rate="1"  branch-rate="1" >
		<methods>
		</methods>
		<lines>
		</lines>
		</class>
	</classes>
	</package>
	<package name="src.accessibility"  line-rate="0.4"  branch-rate="0.5" >
	<classes>
		<class name="focusStyleManager.ts"  filename="src/accessibility/focusStyleManager.ts"  line-rate="0.4"  branch-rate="0.5" >
		<methods>
			<method name="(anonymous_0)"  hits="0"  signature="()V" >
				<lines><line number="23"  hits="0" /></lines>
			</method>
			<method name="(anonymous_1)"  hits="0"  signature="()V" >
				<lines><line number="24"  hits="0" /></lines>
			</method>
			<method name="(anonymous_2)"  hits="0"  signature="()V" >
				<lines><line number="25"  hits="0" /></lines>
			</method>
		</methods>
		<lines>
			<line number="18"  hits="1"  branch="false" />
			<line number="22"  hits="1"  branch="false" />
			<line number="23"  hits="0"  branch="false" />
			<line number="24"  hits="0"  branch="false" />
			<line number="25"  hits="0"  branch="false" />
		</lines>
		</class>
		<class name="index.ts"  filename="src/accessibility/index.ts"  line-rate="1"  branch-rate="1" >
		<methods>
		</methods>
		<lines>
		</lines>
		</class>
	</classes>
	</package>
	<package name="src.common"  line-rate="0.9311"  branch-rate="0.7978000000000001" >
	<classes>
		<class name="abstractComponent.ts"  filename="src/common/abstractComponent.ts"  line-rate="0.2857"  branch-rate="0" >
		<methods>
			<method name="(anonymous_0)"  hits="1"  signature="()V" >
				<lines><line number="14"  hits="1" /></lines>
			</method>
			<method name="AbstractComponent"  hits="0"  signature="()V" >
				<lines><line number="21"  hits="0" /></lines>
			</method>
			<method name="(anonymous_2)"  hits="0"  signature="()V" >
				<lines><line number="52"  hits="0" /></lines>
			</method>
			<method name="(anonymous_3)"  hits="0"  signature="()V" >
				<lines><line number="28"  hits="0" /></lines>
			</method>
			<method name="(anonymous_4)"  hits="0"  signature="()V" >
				<lines><line number="34"  hits="0" /></lines>
			</method>
			<method name="(anonymous_5)"  hits="0"  signature="()V" >
				<lines><line number="43"  hits="0" /></lines>
			</method>
			<method name="(anonymous_6)"  hits="0"  signature="()V" >
				<lines><line number="46"  hits="0" /></lines>
			</method>
			<method name="(anonymous_7)"  hits="0"  signature="()V" >
				<lines><line number="70"  hits="0" /></lines>
			</method>
		</methods>
		<lines>
			<line number="14"  hits="1"  branch="false" />
			<line number="19"  hits="0"  branch="false" />
			<line number="22"  hits="0"  branch="true"  condition-coverage="0% (0/2)" />
			<line number="23"  hits="0"  branch="true"  condition-coverage="0% (0/2)" />
			<line number="24"  hits="0"  branch="false" />
			<line number="28"  hits="1"  branch="false" />
			<line number="29"  hits="0"  branch="true"  condition-coverage="0% (0/2)" />
			<line number="30"  hits="0"  branch="false" />
			<line number="34"  hits="1"  branch="false" />
			<line number="35"  hits="0"  branch="false" />
			<line number="43"  hits="1"  branch="false" />
			<line number="44"  hits="0"  branch="false" />
			<line number="45"  hits="0"  branch="false" />
			<line number="46"  hits="0"  branch="false" />
			<line number="52"  hits="0"  branch="false" />
			<line number="53"  hits="0"  branch="true"  condition-coverage="0% (0/2)" />
			<line number="54"  hits="0"  branch="false" />
			<line number="55"  hits="0"  branch="false" />
			<line number="57"  hits="0"  branch="false" />
			<line number="70"  hits="1"  branch="false" />
			<line number="73"  hits="1"  branch="false" />
		</lines>
		</class>
		<class name="abstractPureComponent.ts"  filename="src/common/abstractPureComponent.ts"  line-rate="1"  branch-rate="0.75" >
		<methods>
			<method name="(anonymous_0)"  hits="1"  signature="()V" >
				<lines><line number="14"  hits="1" /></lines>
			</method>
			<method name="AbstractPureComponent"  hits="636"  signature="()V" >
				<lines><line number="21"  hits="636" /></lines>
			</method>
			<method name="(anonymous_2)"  hits="169"  signature="()V" >
				<lines><line number="52"  hits="169" /></lines>
			</method>
			<method name="(anonymous_3)"  hits="651"  signature="()V" >
				<lines><line number="28"  hits="651" /></lines>
			</method>
			<method name="(anonymous_4)"  hits="107"  signature="()V" >
				<lines><line number="34"  hits="107" /></lines>
			</method>
			<method name="(anonymous_5)"  hits="99"  signature="()V" >
				<lines><line number="43"  hits="99" /></lines>
			</method>
			<method name="(anonymous_6)"  hits="0"  signature="()V" >
				<lines><line number="46"  hits="0" /></lines>
			</method>
			<method name="(anonymous_7)"  hits="734"  signature="()V" >
				<lines><line number="70"  hits="734" /></lines>
			</method>
		</methods>
		<lines>
			<line number="14"  hits="1"  branch="false" />
			<line number="19"  hits="636"  branch="false" />
			<line number="22"  hits="636"  branch="true"  condition-coverage="100% (2/2)" />
			<line number="23"  hits="636"  branch="true"  condition-coverage="50% (1/2)" />
			<line number="24"  hits="636"  branch="false" />
			<line number="28"  hits="1"  branch="false" />
			<line number="29"  hits="651"  branch="true"  condition-coverage="50% (1/2)" />
			<line number="30"  hits="651"  branch="false" />
			<line number="34"  hits="1"  branch="false" />
			<line number="35"  hits="107"  branch="false" />
			<line number="43"  hits="1"  branch="false" />
			<line number="44"  hits="99"  branch="false" />
			<line number="45"  hits="99"  branch="false" />
			<line number="46"  hits="99"  branch="false" />
			<line number="52"  hits="636"  branch="false" />
			<line number="53"  hits="169"  branch="true"  condition-coverage="100% (2/2)" />
			<line number="54"  hits="68"  branch="false" />
			<line number="55"  hits="68"  branch="false" />
			<line number="57"  hits="60"  branch="false" />
			<line number="70"  hits="1"  branch="false" />
			<line number="73"  hits="1"  branch="false" />
		</lines>
		</class>
		<class name="alignment.ts"  filename="src/common/alignment.ts"  line-rate="1"  branch-rate="1" >
		<methods>
		</methods>
		<lines>
			<line number="8"  hits="1"  branch="false" />
		</lines>
		</class>
		<class name="boundary.ts"  filename="src/common/boundary.ts"  line-rate="1"  branch-rate="1" >
		<methods>
		</methods>
		<lines>
			<line number="8"  hits="1"  branch="false" />
		</lines>
		</class>
		<class name="classes.ts"  filename="src/common/classes.ts"  line-rate="0.9751000000000001"  branch-rate="0.6667000000000001" >
		<methods>
			<method name="getClassNamespace"  hits="0"  signature="()V" >
				<lines><line number="252"  hits="0" /></lines>
			</method>
			<method name="alignmentClass"  hits="1588"  signature="()V" >
				<lines><line number="257"  hits="1588" /></lines>
			</method>
			<method name="elevationClass"  hits="9"  signature="()V" >
				<lines><line number="268"  hits="9" /></lines>
			</method>
			<method name="iconClass"  hits="1"  signature="()V" >
				<lines><line number="276"  hits="1" /></lines>
			</method>
			<method name="intentClass"  hits="2504"  signature="()V" >
				<lines><line number="284"  hits="2504" /></lines>
			</method>
		</methods>
		<lines>
			<line number="11"  hits="1"  branch="true"  condition-coverage="100% (2/2)" />
			<line number="14"  hits="1"  branch="false" />
			<line number="15"  hits="1"  branch="false" />
			<line number="16"  hits="1"  branch="false" />
			<line number="17"  hits="1"  branch="false" />
			<line number="18"  hits="1"  branch="false" />
			<line number="19"  hits="1"  branch="false" />
			<line number="20"  hits="1"  branch="false" />
			<line number="21"  hits="1"  branch="false" />
			<line number="22"  hits="1"  branch="false" />
			<line number="23"  hits="1"  branch="false" />
			<line number="24"  hits="1"  branch="false" />
			<line number="25"  hits="1"  branch="false" />
			<line number="26"  hits="1"  branch="false" />
			<line number="27"  hits="1"  branch="false" />
			<line number="28"  hits="1"  branch="false" />
			<line number="29"  hits="1"  branch="false" />
			<line number="30"  hits="1"  branch="false" />
			<line number="32"  hits="1"  branch="false" />
			<line number="33"  hits="1"  branch="false" />
			<line number="34"  hits="1"  branch="false" />
			<line number="35"  hits="1"  branch="false" />
			<line number="36"  hits="1"  branch="false" />
			<line number="38"  hits="1"  branch="false" />
			<line number="39"  hits="1"  branch="false" />
			<line number="40"  hits="1"  branch="false" />
			<line number="41"  hits="1"  branch="false" />
			<line number="43"  hits="1"  branch="false" />
			<line number="46"  hits="1"  branch="false" />
			<line number="47"  hits="1"  branch="false" />
			<line number="48"  hits="1"  branch="false" />
			<line number="49"  hits="1"  branch="false" />
			<line number="50"  hits="1"  branch="false" />
			<line number="51"  hits="1"  branch="false" />
			<line number="52"  hits="1"  branch="false" />
			<line number="53"  hits="1"  branch="false" />
			<line number="56"  hits="1"  branch="false" />
			<line number="57"  hits="1"  branch="false" />
			<line number="58"  hits="1"  branch="false" />
			<line number="59"  hits="1"  branch="false" />
			<line number="60"  hits="1"  branch="false" />
			<line number="61"  hits="1"  branch="false" />
			<line number="62"  hits="1"  branch="false" />
			<line number="65"  hits="1"  branch="false" />
			<line number="66"  hits="1"  branch="false" />
			<line number="67"  hits="1"  branch="false" />
			<line number="68"  hits="1"  branch="false" />
			<line number="70"  hits="1"  branch="false" />
			<line number="71"  hits="1"  branch="false" />
			<line number="72"  hits="1"  branch="false" />
			<line number="73"  hits="1"  branch="false" />
			<line number="75"  hits="1"  branch="false" />
			<line number="76"  hits="1"  branch="false" />
			<line number="77"  hits="1"  branch="false" />
			<line number="78"  hits="1"  branch="false" />
			<line number="80"  hits="1"  branch="false" />
			<line number="81"  hits="1"  branch="false" />
			<line number="83"  hits="1"  branch="false" />
			<line number="85"  hits="1"  branch="false" />
			<line number="86"  hits="1"  branch="false" />
			<line number="88"  hits="1"  branch="false" />
			<line number="90"  hits="1"  branch="false" />
			<line number="91"  hits="1"  branch="false" />
			<line number="93"  hits="1"  branch="false" />
			<line number="95"  hits="1"  branch="false" />
			<line number="96"  hits="1"  branch="false" />
			<line number="97"  hits="1"  branch="false" />
			<line number="98"  hits="1"  branch="false" />
			<line number="99"  hits="1"  branch="false" />
			<line number="100"  hits="1"  branch="false" />
			<line number="101"  hits="1"  branch="false" />
			<line number="103"  hits="1"  branch="false" />
			<line number="104"  hits="1"  branch="false" />
			<line number="105"  hits="1"  branch="false" />
			<line number="106"  hits="1"  branch="false" />
			<line number="107"  hits="1"  branch="false" />
			<line number="109"  hits="1"  branch="false" />
			<line number="111"  hits="1"  branch="false" />
			<line number="113"  hits="1"  branch="false" />
			<line number="115"  hits="1"  branch="false" />
			<line number="116"  hits="1"  branch="false" />
			<line number="117"  hits="1"  branch="false" />
			<line number="119"  hits="1"  branch="false" />
			<line number="120"  hits="1"  branch="false" />
			<line number="121"  hits="1"  branch="false" />
			<line number="122"  hits="1"  branch="false" />
			<line number="124"  hits="1"  branch="false" />
			<line number="125"  hits="1"  branch="false" />
			<line number="126"  hits="1"  branch="false" />
			<line number="127"  hits="1"  branch="false" />
			<line number="128"  hits="1"  branch="false" />
			<line number="129"  hits="1"  branch="false" />
			<line number="130"  hits="1"  branch="false" />
			<line number="132"  hits="1"  branch="false" />
			<line number="133"  hits="1"  branch="false" />
			<line number="134"  hits="1"  branch="false" />
			<line number="136"  hits="1"  branch="false" />
			<line number="137"  hits="1"  branch="false" />
			<line number="138"  hits="1"  branch="false" />
			<line number="139"  hits="1"  branch="false" />
			<line number="141"  hits="1"  branch="false" />
			<line number="142"  hits="1"  branch="false" />
			<line number="143"  hits="1"  branch="false" />
			<line number="144"  hits="1"  branch="false" />
			<line number="146"  hits="1"  branch="false" />
			<line number="147"  hits="1"  branch="false" />
			<line number="148"  hits="1"  branch="false" />
			<line number="149"  hits="1"  branch="false" />
			<line number="150"  hits="1"  branch="false" />
			<line number="151"  hits="1"  branch="false" />
			<line number="153"  hits="1"  branch="false" />
			<line number="154"  hits="1"  branch="false" />
			<line number="155"  hits="1"  branch="false" />
			<line number="156"  hits="1"  branch="false" />
			<line number="158"  hits="1"  branch="false" />
			<line number="159"  hits="1"  branch="false" />
			<line number="161"  hits="1"  branch="false" />
			<line number="163"  hits="1"  branch="false" />
			<line number="164"  hits="1"  branch="false" />
			<line number="166"  hits="1"  branch="false" />
			<line number="167"  hits="1"  branch="false" />
			<line number="168"  hits="1"  branch="false" />
			<line number="169"  hits="1"  branch="false" />
			<line number="170"  hits="1"  branch="false" />
			<line number="171"  hits="1"  branch="false" />
			<line number="173"  hits="1"  branch="false" />
			<line number="174"  hits="1"  branch="false" />
			<line number="175"  hits="1"  branch="false" />
			<line number="176"  hits="1"  branch="false" />
			<line number="177"  hits="1"  branch="false" />
			<line number="178"  hits="1"  branch="false" />
			<line number="179"  hits="1"  branch="false" />
			<line number="180"  hits="1"  branch="false" />
			<line number="181"  hits="1"  branch="false" />
			<line number="182"  hits="1"  branch="false" />
			<line number="183"  hits="1"  branch="false" />
			<line number="185"  hits="1"  branch="false" />
			<line number="186"  hits="1"  branch="false" />
			<line number="187"  hits="1"  branch="false" />
			<line number="188"  hits="1"  branch="false" />
			<line number="190"  hits="1"  branch="false" />
			<line number="192"  hits="1"  branch="false" />
			<line number="194"  hits="1"  branch="false" />
			<line number="195"  hits="1"  branch="false" />
			<line number="196"  hits="1"  branch="false" />
			<line number="197"  hits="1"  branch="false" />
			<line number="198"  hits="1"  branch="false" />
			<line number="199"  hits="1"  branch="false" />
			<line number="200"  hits="1"  branch="false" />
			<line number="201"  hits="1"  branch="false" />
			<line number="203"  hits="1"  branch="false" />
			<line number="204"  hits="1"  branch="false" />
			<line number="205"  hits="1"  branch="false" />
			<line number="206"  hits="1"  branch="false" />
			<line number="208"  hits="1"  branch="false" />
			<line number="209"  hits="1"  branch="false" />
			<line number="210"  hits="1"  branch="false" />
			<line number="211"  hits="1"  branch="false" />
			<line number="212"  hits="1"  branch="false" />
			<line number="213"  hits="1"  branch="false" />
			<line number="215"  hits="1"  branch="false" />
			<line number="216"  hits="1"  branch="false" />
			<line number="218"  hits="1"  branch="false" />
			<line number="219"  hits="1"  branch="false" />
			<line number="220"  hits="1"  branch="false" />
			<line number="222"  hits="1"  branch="false" />
			<line number="223"  hits="1"  branch="false" />
			<line number="224"  hits="1"  branch="false" />
			<line number="226"  hits="1"  branch="false" />
			<line number="227"  hits="1"  branch="false" />
			<line number="229"  hits="1"  branch="false" />
			<line number="230"  hits="1"  branch="false" />
			<line number="231"  hits="1"  branch="false" />
			<line number="232"  hits="1"  branch="false" />
			<line number="233"  hits="1"  branch="false" />
			<line number="234"  hits="1"  branch="false" />
			<line number="235"  hits="1"  branch="false" />
			<line number="236"  hits="1"  branch="false" />
			<line number="237"  hits="1"  branch="false" />
			<line number="238"  hits="1"  branch="false" />
			<line number="239"  hits="1"  branch="false" />
			<line number="240"  hits="1"  branch="false" />
			<line number="241"  hits="1"  branch="false" />
			<line number="242"  hits="1"  branch="false" />
			<line number="244"  hits="1"  branch="false" />
			<line number="245"  hits="1"  branch="false" />
			<line number="246"  hits="1"  branch="false" />
			<line number="253"  hits="0"  branch="false" />
			<line number="258"  hits="1588"  branch="false" />
			<line number="260"  hits="0"  branch="false" />
			<line number="262"  hits="0"  branch="false" />
			<line number="264"  hits="1588"  branch="false" />
			<line number="269"  hits="9"  branch="true"  condition-coverage="50% (1/2)" />
			<line number="270"  hits="0"  branch="false" />
			<line number="272"  hits="9"  branch="false" />
			<line number="277"  hits="1"  branch="true"  condition-coverage="50% (1/2)" />
			<line number="278"  hits="0"  branch="false" />
			<line number="280"  hits="1"  branch="true"  condition-coverage="50% (1/2)" />
			<line number="285"  hits="2504"  branch="true"  condition-coverage="100% (4/4)" />
			<line number="286"  hits="2450"  branch="false" />
			<line number="288"  hits="54"  branch="false" />
		</lines>
		</class>
		<class name="colors.ts"  filename="src/common/colors.ts"  line-rate="1"  branch-rate="1" >
		<methods>
		</methods>
		<lines>
			<line number="7"  hits="1"  branch="false" />
		</lines>
		</class>
		<class name="elevation.ts"  filename="src/common/elevation.ts"  line-rate="1"  branch-rate="1" >
		<methods>
		</methods>
		<lines>
			<line number="8"  hits="1"  branch="false" />
		</lines>
		</class>
		<class name="errors.ts"  filename="src/common/errors.ts"  line-rate="1"  branch-rate="1" >
		<methods>
		</methods>
		<lines>
			<line number="7"  hits="1"  branch="false" />
			<line number="9"  hits="1"  branch="false" />
			<line number="11"  hits="1"  branch="false" />
			<line number="13"  hits="1"  branch="false" />
			<line number="15"  hits="1"  branch="false" />
			<line number="17"  hits="1"  branch="false" />
			<line number="20"  hits="1"  branch="false" />
			<line number="22"  hits="1"  branch="false" />
			<line number="24"  hits="1"  branch="false" />
			<line number="25"  hits="1"  branch="false" />
			<line number="27"  hits="1"  branch="false" />
			<line number="30"  hits="1"  branch="false" />
			<line number="32"  hits="1"  branch="false" />
			<line number="34"  hits="1"  branch="false" />
			<line number="36"  hits="1"  branch="false" />
			<line number="38"  hits="1"  branch="false" />
			<line number="40"  hits="1"  branch="false" />
			<line number="41"  hits="1"  branch="false" />
			<line number="44"  hits="1"  branch="false" />
			<line number="48"  hits="1"  branch="false" />
			<line number="50"  hits="1"  branch="false" />
			<line number="52"  hits="1"  branch="false" />
			<line number="56"  hits="1"  branch="false" />
			<line number="58"  hits="1"  branch="false" />
			<line number="59"  hits="1"  branch="false" />
			<line number="60"  hits="1"  branch="false" />
			<line number="61"  hits="1"  branch="false" />
			<line number="63"  hits="1"  branch="false" />
			<line number="66"  hits="1"  branch="false" />
			<line number="68"  hits="1"  branch="false" />
			<line number="69"  hits="1"  branch="false" />
			<line number="70"  hits="1"  branch="false" />
			<line number="71"  hits="1"  branch="false" />
			<line number="73"  hits="1"  branch="false" />
			<line number="76"  hits="1"  branch="false" />
			<line number="79"  hits="1"  branch="false" />
			<line number="81"  hits="1"  branch="false" />
			<line number="83"  hits="1"  branch="false" />
		</lines>
		</class>
		<class name="index.ts"  filename="src/common/index.ts"  line-rate="1"  branch-rate="1" >
		<methods>
		</methods>
		<lines>
		</lines>
		</class>
		<class name="intent.ts"  filename="src/common/intent.ts"  line-rate="1"  branch-rate="1" >
		<methods>
		</methods>
		<lines>
			<line number="12"  hits="1"  branch="false" />
		</lines>
		</class>
		<class name="interactionMode.ts"  filename="src/common/interactionMode.ts"  line-rate="1"  branch-rate="1" >
		<methods>
		</methods>
		<lines>
			<line number="7"  hits="1"  branch="false" />
		</lines>
		</class>
		<class name="keys.ts"  filename="src/common/keys.ts"  line-rate="1"  branch-rate="1" >
		<methods>
		</methods>
		<lines>
			<line number="7"  hits="1"  branch="false" />
			<line number="8"  hits="1"  branch="false" />
			<line number="9"  hits="1"  branch="false" />
			<line number="10"  hits="1"  branch="false" />
			<line number="11"  hits="1"  branch="false" />
			<line number="12"  hits="1"  branch="false" />
			<line number="13"  hits="1"  branch="false" />
			<line number="14"  hits="1"  branch="false" />
			<line number="15"  hits="1"  branch="false" />
			<line number="16"  hits="1"  branch="false" />
			<line number="17"  hits="1"  branch="false" />
		</lines>
		</class>
		<class name="position.ts"  filename="src/common/position.ts"  line-rate="1"  branch-rate="1" >
		<methods>
			<method name="isPositionHorizontal"  hits="0"  signature="()V" >
				<lines><line number="23"  hits="0" /></lines>
			</method>
			<method name="isPositionVertical"  hits="0"  signature="()V" >
				<lines><line number="35"  hits="0" /></lines>
			</method>
		</methods>
		<lines>
			<line number="7"  hits="1"  branch="false" />
		</lines>
		</class>
		<class name="props.ts"  filename="src/common/props.ts"  line-rate="1"  branch-rate="1" >
		<methods>
			<method name="removeNonHTMLProps"  hits="2691"  signature="()V" >
				<lines><line number="127"  hits="2691" /></lines>
			</method>
			<method name="(anonymous_1)"  hits="70378"  signature="()V" >
				<lines><line number="134"  hits="70378" /></lines>
			</method>
		</methods>
		<lines>
			<line number="92"  hits="1"  branch="false" />
			<line number="126"  hits="4223"  branch="true"  condition-coverage="100% (2/2)" />
			<line number="127"  hits="4224"  branch="true"  condition-coverage="100% (2/2)" />
			<line number="129"  hits="2691"  branch="true"  condition-coverage="100% (2/2)" />
			<line number="130"  hits="1158"  branch="false" />
			<line number="133"  hits="2691"  branch="false" />
			<line number="135"  hits="70378"  branch="true"  condition-coverage="100% (2/2)" />
			<line number="136"  hits="15844"  branch="false" />
			<line number="138"  hits="70378"  branch="false" />
		</lines>
		</class>
		<class name="utils.ts"  filename="src/common/utils.ts"  line-rate="0.9091"  branch-rate="0.94" >
		<methods>
			<method name="isNodeEnv"  hits="1295"  signature="()V" >
				<lines><line number="17"  hits="1295" /></lines>
			</method>
			<method name="isFunction"  hits="5525"  signature="()V" >
				<lines><line number="23"  hits="5525" /></lines>
			</method>
			<method name="ensureElement"  hits="418"  signature="()V" >
				<lines><line number="32"  hits="418" /></lines>
			</method>
			<method name="getDisplayName"  hits="5"  signature="()V" >
				<lines><line number="53"  hits="5" /></lines>
			</method>
			<method name="isElementOfType"  hits="1306"  signature="()V" >
				<lines><line number="59"  hits="1306" /></lines>
			</method>
			<method name="safeInvoke"  hits="4376"  signature="()V" >
				<lines><line number="85"  hits="4376" /></lines>
			</method>
			<method name="safeInvokeOrValue"  hits="3"  signature="()V" >
				<lines><line number="113"  hits="3" /></lines>
			</method>
			<method name="elementIsOrContains"  hits="16"  signature="()V" >
				<lines><line number="117"  hits="16" /></lines>
			</method>
			<method name="arrayLengthCompare"  hits="6"  signature="()V" >
				<lines><line number="127"  hits="6" /></lines>
			</method>
			<method name="approxEqual"  hits="114"  signature="()V" >
				<lines><line number="136"  hits="114" /></lines>
			</method>
			<method name="clamp"  hits="1866"  signature="()V" >
				<lines><line number="144"  hits="1866" /></lines>
			</method>
			<method name="countDecimalPlaces"  hits="197"  signature="()V" >
				<lines><line number="155"  hits="197" /></lines>
			</method>
			<method name="throttleEvent"  hits="0"  signature="()V" >
				<lines><line number="168"  hits="0" /></lines>
			</method>
			<method name="(anonymous_13)"  hits="0"  signature="()V" >
				<lines><line number="169"  hits="0" /></lines>
			</method>
			<method name="throttleReactEventCallback"  hits="2"  signature="()V" >
				<lines><line number="187"  hits="2" /></lines>
			</method>
			<method name="(anonymous_15)"  hits="2"  signature="()V" >
				<lines><line number="191"  hits="2" /></lines>
			</method>
			<method name="(anonymous_16)"  hits="2"  signature="()V" >
				<lines><line number="197"  hits="2" /></lines>
			</method>
			<method name="throttle"  hits="11"  signature="()V" >
				<lines><line number="207"  hits="11" /></lines>
			</method>
			<method name="_throttleHelper"  hits="13"  signature="()V" >
				<lines><line number="215"  hits="13" /></lines>
			</method>
			<method name="(anonymous_19)"  hits="4"  signature="()V" >
				<lines><line number="218"  hits="4" /></lines>
			</method>
			<method name="(anonymous_20)"  hits="4"  signature="()V" >
				<lines><line number="234"  hits="4" /></lines>
			</method>
		</methods>
		<lines>
			<line number="18"  hits="1295"  branch="true"  condition-coverage="100% (3/3)" />
			<line number="24"  hits="5525"  branch="false" />
			<line number="32"  hits="834"  branch="true"  condition-coverage="100% (2/2)" />
			<line number="33"  hits="418"  branch="true"  condition-coverage="100% (2/2)" />
			<line number="34"  hits="7"  branch="false" />
			<line number="35"  hits="411"  branch="true"  condition-coverage="100% (2/2)" />
			<line number="37"  hits="17"  branch="true"  condition-coverage="100% (2/2)" />
			<line number="38"  hits="394"  branch="true"  condition-coverage="100% (4/4)" />
			<line number="40"  hits="2"  branch="false" />
			<line number="42"  hits="392"  branch="false" />
			<line number="54"  hits="5"  branch="true"  condition-coverage="66.66666666666666% (2/3)" />
			<line number="61"  hits="1306"  branch="true"  condition-coverage="100% (2/2)" />
			<line number="85"  hits="7084"  branch="false" />
			<line number="86"  hits="4376"  branch="true"  condition-coverage="100% (2/2)" />
			<line number="87"  hits="864"  branch="false" />
			<line number="89"  hits="3512"  branch="false" />
			<line number="113"  hits="8"  branch="false" />
			<line number="114"  hits="3"  branch="true"  condition-coverage="100% (2/2)" />
			<line number="118"  hits="16"  branch="true"  condition-coverage="100% (2/2)" />
			<line number="127"  hits="8"  branch="true"  condition-coverage="100% (4/4)" />
			<line number="128"  hits="6"  branch="false" />
			<line number="136"  hits="228"  branch="true"  condition-coverage="50% (1/2)" />
			<line number="137"  hits="114"  branch="false" />
			<line number="145"  hits="1866"  branch="true"  condition-coverage="100% (2/2)" />
			<line number="146"  hits="2"  branch="false" />
			<line number="148"  hits="1864"  branch="true"  condition-coverage="100% (2/2)" />
			<line number="149"  hits="1"  branch="false" />
			<line number="151"  hits="1863"  branch="false" />
			<line number="156"  hits="197"  branch="true"  condition-coverage="100% (4/4)" />
			<line number="157"  hits="48"  branch="false" />
			<line number="159"  hits="149"  branch="false" />
			<line number="169"  hits="0"  branch="false" />
			<line number="170"  hits="0"  branch="false" />
			<line number="172"  hits="0"  branch="false" />
			<line number="173"  hits="0"  branch="false" />
			<line number="187"  hits="3"  branch="true"  condition-coverage="100% (2/2)" />
			<line number="189"  hits="2"  branch="false" />
			<line number="192"  hits="2"  branch="true"  condition-coverage="100% (2/2)" />
			<line number="193"  hits="1"  branch="false" />
			<line number="197"  hits="2"  branch="false" />
			<line number="199"  hits="2"  branch="false" />
			<line number="208"  hits="11"  branch="false" />
			<line number="217"  hits="13"  branch="false" />
			<line number="218"  hits="13"  branch="false" />
			<line number="221"  hits="4"  branch="true"  condition-coverage="100% (2/2)" />
			<line number="222"  hits="2"  branch="false" />
			<line number="225"  hits="4"  branch="true"  condition-coverage="50% (1/2)" />
			<line number="226"  hits="0"  branch="false" />
			<line number="228"  hits="4"  branch="false" />
			<line number="230"  hits="4"  branch="true"  condition-coverage="100% (2/2)" />
			<line number="231"  hits="2"  branch="false" />
			<line number="234"  hits="4"  branch="false" />
			<line number="235"  hits="4"  branch="false" />
			<line number="236"  hits="4"  branch="false" />
			<line number="239"  hits="13"  branch="false" />
		</lines>
		</class>
	</classes>
	</package>
	<package name="src.common.utils"  line-rate="0.9863"  branch-rate="0.9634" >
	<classes>
		<class name="compareUtils.ts"  filename="src/common/utils/compareUtils.ts"  line-rate="0.9861"  branch-rate="0.9634" >
		<methods>
			<method name="arraysEqual"  hits="93"  signature="()V" >
				<lines><line number="20"  hits="93" /></lines>
			</method>
			<method name="(anonymous_1)"  hits="66"  signature="()V" >
				<lines><line number="20"  hits="66" /></lines>
			</method>
			<method name="(anonymous_2)"  hits="182"  signature="()V" >
				<lines><line number="27"  hits="182" /></lines>
			</method>
			<method name="shallowCompareKeys"  hits="146"  signature="()V" >
				<lines><line number="35"  hits="146" /></lines>
			</method>
			<method name="deepCompareKeys"  hits="98"  signature="()V" >
				<lines><line number="59"  hits="98" /></lines>
			</method>
			<method name="getShallowUnequalKeyValues"  hits="10"  signature="()V" >
				<lines><line number="95"  hits="10" /></lines>
			</method>
			<method name="(anonymous_6)"  hits="12"  signature="()V" >
				<lines><line number="103"  hits="12" /></lines>
			</method>
			<method name="getDeepUnequalKeyValues"  hits="4"  signature="()V" >
				<lines><line number="115"  hits="4" /></lines>
			</method>
			<method name="(anonymous_8)"  hits="8"  signature="()V" >
				<lines><line number="118"  hits="8" /></lines>
			</method>
			<method name="_shallowCompareKeys"  hits="229"  signature="()V" >
				<lines><line number="129"  hits="229" /></lines>
			</method>
			<method name="(anonymous_10)"  hits="814"  signature="()V" >
				<lines><line number="130"  hits="814" /></lines>
			</method>
			<method name="_deepCompareKeys"  hits="26"  signature="()V" >
				<lines><line number="138"  hits="26" /></lines>
			</method>
			<method name="(anonymous_12)"  hits="43"  signature="()V" >
				<lines><line number="139"  hits="43" /></lines>
			</method>
			<method name="_isSimplePrimitiveType"  hits="72"  signature="()V" >
				<lines><line number="144"  hits="72" /></lines>
			</method>
			<method name="_filterKeys"  hits="239"  signature="()V" >
				<lines><line number="148"  hits="239" /></lines>
			</method>
			<method name="(anonymous_15)"  hits="15"  signature="()V" >
				<lines><line number="159"  hits="15" /></lines>
			</method>
			<method name="_isWhitelist"  hits="239"  signature="()V" >
				<lines><line number="166"  hits="239" /></lines>
			</method>
			<method name="_arrayToObject"  hits="16"  signature="()V" >
				<lines><line number="170"  hits="16" /></lines>
			</method>
			<method name="(anonymous_18)"  hits="52"  signature="()V" >
				<lines><line number="171"  hits="52" /></lines>
			</method>
			<method name="_getUnequalKeyValues"  hits="14"  signature="()V" >
				<lines><line number="181"  hits="14" /></lines>
			</method>
			<method name="(anonymous_20)"  hits="20"  signature="()V" >
				<lines><line number="183"  hits="20" /></lines>
			</method>
			<method name="(anonymous_21)"  hits="8"  signature="()V" >
				<lines><line number="184"  hits="8" /></lines>
			</method>
			<method name="_unionKeys"  hits="2"  signature="()V" >
				<lines><line number="192"  hits="2" /></lines>
			</method>
		</methods>
		<lines>
			<line number="20"  hits="135"  branch="true"  condition-coverage="100% (2/2)" />
			<line number="22"  hits="93"  branch="true"  condition-coverage="100% (4/4)" />
			<line number="23"  hits="4"  branch="false" />
			<line number="24"  hits="89"  branch="true"  condition-coverage="100% (5/5)" />
			<line number="25"  hits="9"  branch="false" />
			<line number="27"  hits="182"  branch="false" />
			<line number="37"  hits="146"  branch="true"  condition-coverage="100% (4/4)" />
			<line number="38"  hits="8"  branch="false" />
			<line number="39"  hits="138"  branch="true"  condition-coverage="100% (4/4)" />
			<line number="40"  hits="4"  branch="false" />
			<line number="41"  hits="134"  branch="true"  condition-coverage="100% (4/4)" />
			<line number="42"  hits="5"  branch="false" />
			<line number="43"  hits="129"  branch="true"  condition-coverage="100% (2/2)" />
			<line number="44"  hits="26"  branch="false" />
			<line number="47"  hits="103"  branch="false" />
			<line number="48"  hits="103"  branch="false" />
			<line number="49"  hits="103"  branch="false" />
			<line number="60"  hits="98"  branch="true"  condition-coverage="100% (2/2)" />
			<line number="61"  hits="46"  branch="false" />
			<line number="62"  hits="52"  branch="true"  condition-coverage="100% (4/4)" />
			<line number="64"  hits="2"  branch="false" />
			<line number="65"  hits="50"  branch="true"  condition-coverage="100% (4/4)" />
			<line number="66"  hits="3"  branch="false" />
			<line number="67"  hits="47"  branch="true"  condition-coverage="100% (4/4)" />
			<line number="68"  hits="8"  branch="false" />
			<line number="69"  hits="39"  branch="true"  condition-coverage="100% (4/4)" />
			<line number="70"  hits="6"  branch="false" />
			<line number="71"  hits="33"  branch="true"  condition-coverage="100% (2/2)" />
			<line number="72"  hits="16"  branch="false" />
			<line number="73"  hits="17"  branch="true"  condition-coverage="100% (2/2)" />
			<line number="74"  hits="2"  branch="false" />
			<line number="76"  hits="15"  branch="false" />
			<line number="77"  hits="15"  branch="false" />
			<line number="78"  hits="15"  branch="true"  condition-coverage="75% (3/4)" />
			<line number="79"  hits="0"  branch="false" />
			<line number="81"  hits="15"  branch="true"  condition-coverage="100% (4/4)" />
			<line number="82"  hits="2"  branch="false" />
			<line number="84"  hits="13"  branch="true"  condition-coverage="100% (2/2)" />
			<line number="99"  hits="10"  branch="true"  condition-coverage="100% (2/2)" />
			<line number="100"  hits="10"  branch="true"  condition-coverage="100% (2/2)" />
			<line number="102"  hits="10"  branch="true"  condition-coverage="100% (2/2)" />
			<line number="103"  hits="10"  branch="false" />
			<line number="104"  hits="12"  branch="false" />
			<line number="113"  hits="4"  branch="true"  condition-coverage="50% (1/2)" />
			<line number="114"  hits="4"  branch="true"  condition-coverage="50% (1/2)" />
			<line number="117"  hits="4"  branch="true"  condition-coverage="100% (2/2)" />
			<line number="118"  hits="4"  branch="false" />
			<line number="119"  hits="8"  branch="false" />
			<line number="130"  hits="229"  branch="false" />
			<line number="131"  hits="814"  branch="true"  condition-coverage="100% (2/2)" />
			<line number="139"  hits="26"  branch="false" />
			<line number="140"  hits="43"  branch="true"  condition-coverage="100% (2/2)" />
			<line number="145"  hits="72"  branch="true"  condition-coverage="100% (3/3)" />
			<line number="149"  hits="239"  branch="true"  condition-coverage="100% (2/2)" />
			<line number="150"  hits="225"  branch="false" />
			<line number="152"  hits="14"  branch="false" />
			<line number="153"  hits="14"  branch="false" />
			<line number="156"  hits="14"  branch="false" />
			<line number="159"  hits="15"  branch="false" />
			<line number="162"  hits="14"  branch="false" />
			<line number="167"  hits="239"  branch="true"  condition-coverage="100% (2/2)" />
			<line number="171"  hits="16"  branch="false" />
			<line number="172"  hits="52"  branch="false" />
			<line number="173"  hits="52"  branch="false" />
			<line number="183"  hits="20"  branch="false" />
			<line number="184"  hits="14"  branch="false" />
			<line number="189"  hits="14"  branch="false" />
			<line number="193"  hits="2"  branch="false" />
			<line number="194"  hits="2"  branch="false" />
			<line number="196"  hits="2"  branch="false" />
			<line number="197"  hits="2"  branch="false" />
			<line number="199"  hits="2"  branch="false" />
		</lines>
		</class>
		<class name="isDarkTheme.ts"  filename="src/common/utils/isDarkTheme.ts"  line-rate="1"  branch-rate="1" >
		<methods>
			<method name="isDarkTheme"  hits="3"  signature="()V" >
				<lines><line number="9"  hits="3" /></lines>
			</method>
		</methods>
		<lines>
			<line number="10"  hits="3"  branch="false" />
		</lines>
		</class>
	</classes>
	</package>
	<package name="src.compatibility"  line-rate="0.8332999999999999"  branch-rate="0.5" >
	<classes>
		<class name="browser.ts"  filename="src/compatibility/browser.ts"  line-rate="0.8332999999999999"  branch-rate="0.5" >
		<methods>
			<method name="(anonymous_0)"  hits="66"  signature="()V" >
				<lines><line number="15"  hits="66" /></lines>
			</method>
			<method name="(anonymous_1)"  hits="66"  signature="()V" >
				<lines><line number="16"  hits="66" /></lines>
			</method>
			<method name="(anonymous_2)"  hits="0"  signature="()V" >
				<lines><line number="17"  hits="0" /></lines>
			</method>
		</methods>
		<lines>
			<line number="7"  hits="1"  branch="true"  condition-coverage="50% (1/2)" />
			<line number="8"  hits="1"  branch="false" />
			<line number="14"  hits="1"  branch="false" />
			<line number="15"  hits="66"  branch="false" />
			<line number="16"  hits="66"  branch="false" />
			<line number="17"  hits="0"  branch="false" />
		</lines>
		</class>
		<class name="index.ts"  filename="src/compatibility/index.ts"  line-rate="1"  branch-rate="1" >
		<methods>
		</methods>
		<lines>
		</lines>
		</class>
	</classes>
	</package>
	<package name="src.components"  line-rate="1"  branch-rate="0.75" >
	<classes>
		<class name="index.ts"  filename="src/components/index.ts"  line-rate="1"  branch-rate="0.75" >
		<methods>
		</methods>
		<lines>
			<line number="8"  hits="1"  branch="true"  condition-coverage="75% (3/4)" />
			<line number="11"  hits="1"  branch="false" />
			<line number="16"  hits="1"  branch="false" />
		</lines>
		</class>
	</classes>
	</package>
	<package name="src.components.alert"  line-rate="1"  branch-rate="0.9523999999999999" >
	<classes>
		<class name="alert.tsx"  filename="src/components/alert/alert.tsx"  line-rate="1"  branch-rate="0.9523999999999999" >
		<methods>
			<method name="(anonymous_0)"  hits="1"  signature="()V" >
				<lines><line number="103"  hits="1" /></lines>
			</method>
			<method name="Alert"  hits="16"  signature="()V" >
				<lines><line number="103"  hits="16" /></lines>
			</method>
			<method name="(anonymous_2)"  hits="3"  signature="()V" >
				<lines><line number="160"  hits="3" /></lines>
			</method>
			<method name="(anonymous_3)"  hits="1"  signature="()V" >
				<lines><line number="161"  hits="1" /></lines>
			</method>
			<method name="(anonymous_4)"  hits="24"  signature="()V" >
				<lines><line number="113"  hits="24" /></lines>
			</method>
			<method name="(anonymous_5)"  hits="24"  signature="()V" >
				<lines><line number="146"  hits="24" /></lines>
			</method>
			<method name="(anonymous_6)"  hits="4"  signature="()V" >
				<lines><line number="163"  hits="4" /></lines>
			</method>
		</methods>
		<lines>
			<line number="103"  hits="16"  branch="true"  condition-coverage="66.66666666666666% (2/3)" />
			<line number="104"  hits="1"  branch="false" />
			<line number="111"  hits="1"  branch="false" />
			<line number="113"  hits="1"  branch="false" />
			<line number="114"  hits="24"  branch="false" />
			<line number="115"  hits="24"  branch="false" />
			<line number="116"  hits="24"  branch="false" />
			<line number="117"  hits="24"  branch="false" />
			<line number="118"  hits="24"  branch="false" />
			<line number="119"  hits="24"  branch="false" />
			<line number="120"  hits="24"  branch="false" />
			<line number="121"  hits="24"  branch="false" />
			<line number="122"  hits="24"  branch="false" />
			<line number="123"  hits="24"  branch="false" />
			<line number="124"  hits="24"  branch="false" />
			<line number="126"  hits="24"  branch="false" />
			<line number="146"  hits="1"  branch="false" />
			<line number="147"  hits="24"  branch="true"  condition-coverage="100% (4/4)" />
			<line number="148"  hits="1"  branch="false" />
			<line number="151"  hits="24"  branch="true"  condition-coverage="100% (2/2)" />
			<line number="152"  hits="24"  branch="true"  condition-coverage="100% (4/4)" />
			<line number="153"  hits="1"  branch="false" />
			<line number="155"  hits="24"  branch="true"  condition-coverage="100% (4/4)" />
			<line number="156"  hits="1"  branch="false" />
			<line number="160"  hits="16"  branch="false" />
			<line number="161"  hits="16"  branch="false" />
			<line number="163"  hits="1"  branch="false" />
			<line number="164"  hits="4"  branch="false" />
			<line number="165"  hits="4"  branch="true"  condition-coverage="100% (2/2)" />
			<line number="166"  hits="4"  branch="false" />
			<line number="168"  hits="1"  branch="false" />
		</lines>
		</class>
	</classes>
	</package>
	<package name="src.components.breadcrumbs"  line-rate="1"  branch-rate="1" >
	<classes>
		<class name="breadcrumb.tsx"  filename="src/components/breadcrumbs/breadcrumb.tsx"  line-rate="1"  branch-rate="1" >
		<methods>
			<method name="(anonymous_0)"  hits="3"  signature="()V" >
				<lines><line number="15"  hits="3" /></lines>
			</method>
		</methods>
		<lines>
			<line number="15"  hits="1"  branch="false" />
			<line number="16"  hits="3"  branch="false" />
			<line number="23"  hits="3"  branch="false" />
		</lines>
		</class>
	</classes>
	</package>
	<package name="src.components.button"  line-rate="0.9268000000000001"  branch-rate="0.8332999999999999" >
	<classes>
		<class name="abstractButton.tsx"  filename="src/components/button/abstractButton.tsx"  line-rate="0.8966"  branch-rate="0.8332999999999999" >
		<methods>
			<method name="(anonymous_0)"  hits="1"  signature="()V" >
				<lines><line number="71"  hits="1" /></lines>
			</method>
			<method name="AbstractButton"  hits="369"  signature="()V" >
				<lines><line number="71"  hits="369" /></lines>
			</method>
			<method name="(anonymous_2)"  hits="379"  signature="()V" >
				<lines><line number="81"  hits="379" /></lines>
			</method>
			<method name="(anonymous_3)"  hits="4"  signature="()V" >
				<lines><line number="126"  hits="4" /></lines>
			</method>
			<method name="(anonymous_4)"  hits="38"  signature="()V" >
				<lines><line number="137"  hits="38" /></lines>
			</method>
			<method name="(anonymous_5)"  hits="369"  signature="()V" >
				<lines><line number="91"  hits="369" /></lines>
			</method>
			<method name="(anonymous_6)"  hits="369"  signature="()V" >
				<lines><line number="146"  hits="369" /></lines>
			</method>
			<method name="isKeyboardClick"  hits="42"  signature="()V" >
				<lines><line number="162"  hits="42" /></lines>
			</method>
		</methods>
		<lines>
			<line number="71"  hits="369"  branch="true"  condition-coverage="100% (3/3)" />
			<line number="75"  hits="369"  branch="false" />
			<line number="80"  hits="369"  branch="false" />
			<line number="82"  hits="379"  branch="false" />
			<line number="83"  hits="379"  branch="false" />
			<line number="87"  hits="369"  branch="false" />
			<line number="91"  hits="1"  branch="false" />
			<line number="92"  hits="369"  branch="false" />
			<line number="93"  hits="369"  branch="true"  condition-coverage="100% (2/2)" />
			<line number="95"  hits="369"  branch="false" />
			<line number="111"  hits="369"  branch="false" />
			<line number="126"  hits="369"  branch="false" />
			<line number="127"  hits="4"  branch="true"  condition-coverage="50% (1/2)" />
			<line number="128"  hits="0"  branch="false" />
			<line number="129"  hits="0"  branch="true"  condition-coverage="0% (0/2)" />
			<line number="130"  hits="0"  branch="false" />
			<line number="133"  hits="4"  branch="false" />
			<line number="134"  hits="4"  branch="false" />
			<line number="137"  hits="369"  branch="false" />
			<line number="138"  hits="38"  branch="true"  condition-coverage="50% (1/2)" />
			<line number="139"  hits="38"  branch="false" />
			<line number="140"  hits="38"  branch="false" />
			<line number="142"  hits="38"  branch="false" />
			<line number="143"  hits="38"  branch="false" />
			<line number="146"  hits="1"  branch="false" />
			<line number="147"  hits="369"  branch="false" />
			<line number="148"  hits="369"  branch="false" />
			<line number="160"  hits="1"  branch="false" />
			<line number="163"  hits="42"  branch="true"  condition-coverage="100% (2/2)" />
		</lines>
		</class>
		<class name="buttonGroup.tsx"  filename="src/components/button/buttonGroup.tsx"  line-rate="1"  branch-rate="1" >
		<methods>
		</methods>
		<lines>
		</lines>
		</class>
		<class name="buttons.tsx"  filename="src/components/button/buttons.tsx"  line-rate="1"  branch-rate="0.8332999999999999" >
		<methods>
			<method name="(anonymous_0)"  hits="1"  signature="()V" >
				<lines><line number="17"  hits="1" /></lines>
			</method>
			<method name="Button"  hits="355"  signature="()V" >
				<lines><line number="17"  hits="355" /></lines>
			</method>
			<method name="(anonymous_2)"  hits="355"  signature="()V" >
				<lines><line number="20"  hits="355" /></lines>
			</method>
			<method name="(anonymous_3)"  hits="1"  signature="()V" >
				<lines><line number="29"  hits="1" /></lines>
			</method>
			<method name="AnchorButton"  hits="14"  signature="()V" >
				<lines><line number="29"  hits="14" /></lines>
			</method>
			<method name="(anonymous_5)"  hits="14"  signature="()V" >
				<lines><line number="32"  hits="14" /></lines>
			</method>
		</methods>
		<lines>
			<line number="17"  hits="1"  branch="false" />
			<line number="18"  hits="1"  branch="false" />
			<line number="20"  hits="1"  branch="false" />
			<line number="21"  hits="355"  branch="false" />
			<line number="27"  hits="1"  branch="false" />
			<line number="29"  hits="1"  branch="false" />
			<line number="30"  hits="1"  branch="false" />
			<line number="32"  hits="1"  branch="false" />
			<line number="33"  hits="28"  branch="true"  condition-coverage="50% (1/2)" />
			<line number="34"  hits="14"  branch="false" />
			<line number="36"  hits="14"  branch="false" />
			<line number="48"  hits="1"  branch="false" />
		</lines>
		</class>
	</classes>
	</package>
	<package name="src.components.callout"  line-rate="0.8889"  branch-rate="0.8462000000000001" >
	<classes>
		<class name="callout.tsx"  filename="src/components/callout/callout.tsx"  line-rate="0.8889"  branch-rate="0.8462000000000001" >
		<methods>
			<method name="(anonymous_0)"  hits="1"  signature="()V" >
				<lines><line number="43"  hits="1" /></lines>
			</method>
			<method name="Callout"  hits="6"  signature="()V" >
				<lines><line number="43"  hits="6" /></lines>
			</method>
			<method name="(anonymous_2)"  hits="6"  signature="()V" >
				<lines><line number="44"  hits="6" /></lines>
			</method>
			<method name="(anonymous_3)"  hits="6"  signature="()V" >
				<lines><line number="63"  hits="6" /></lines>
			</method>
		</methods>
		<lines>
			<line number="43"  hits="1"  branch="false" />
			<line number="44"  hits="1"  branch="false" />
			<line number="45"  hits="6"  branch="false" />
			<line number="46"  hits="6"  branch="false" />
			<line number="47"  hits="6"  branch="false" />
			<line number="54"  hits="6"  branch="false" />
			<line number="63"  hits="1"  branch="false" />
			<line number="65"  hits="6"  branch="true"  condition-coverage="100% (2/2)" />
			<line number="66"  hits="1"  branch="false" />
			<line number="69"  hits="5"  branch="true"  condition-coverage="100% (2/2)" />
			<line number="70"  hits="1"  branch="false" />
			<line number="73"  hits="4"  branch="false" />
			<line number="75"  hits="1"  branch="false" />
			<line number="77"  hits="1"  branch="false" />
			<line number="79"  hits="0"  branch="false" />
			<line number="81"  hits="0"  branch="false" />
			<line number="83"  hits="2"  branch="false" />
			<line number="86"  hits="1"  branch="false" />
		</lines>
		</class>
	</classes>
	</package>
	<package name="src.components.card"  line-rate="1"  branch-rate="1" >
	<classes>
		<class name="card.tsx"  filename="src/components/card/card.tsx"  line-rate="1"  branch-rate="1" >
		<methods>
			<method name="(anonymous_0)"  hits="1"  signature="()V" >
				<lines><line number="41"  hits="1" /></lines>
			</method>
			<method name="Card"  hits="4"  signature="()V" >
				<lines><line number="41"  hits="4" /></lines>
			</method>
			<method name="(anonymous_2)"  hits="4"  signature="()V" >
				<lines><line number="48"  hits="4" /></lines>
			</method>
		</methods>
		<lines>
			<line number="41"  hits="1"  branch="false" />
			<line number="42"  hits="1"  branch="false" />
			<line number="43"  hits="1"  branch="false" />
			<line number="48"  hits="1"  branch="false" />
			<line number="49"  hits="4"  branch="false" />
			<line number="50"  hits="4"  branch="false" />
			<line number="56"  hits="4"  branch="false" />
			<line number="58"  hits="1"  branch="false" />
		</lines>
		</class>
	</classes>
	</package>
	<package name="src.components.collapse"  line-rate="0.9615"  branch-rate="0.92" >
	<classes>
		<class name="collapse.tsx"  filename="src/components/collapse/collapse.tsx"  line-rate="0.9615"  branch-rate="0.92" >
		<methods>
			<method name="(anonymous_0)"  hits="1"  signature="()V" >
				<lines><line number="51"  hits="1" /></lines>
			</method>
			<method name="(anonymous_1)"  hits="1"  signature="()V" >
				<lines><line number="86"  hits="1" /></lines>
			</method>
			<method name="Collapse"  hits="66"  signature="()V" >
				<lines><line number="86"  hits="66" /></lines>
			</method>
			<method name="(anonymous_3)"  hits="64"  signature="()V" >
				<lines><line number="184"  hits="64" /></lines>
			</method>
			<method name="(anonymous_4)"  hits="7"  signature="()V" >
				<lines><line number="106"  hits="7" /></lines>
			</method>
			<method name="(anonymous_5)"  hits="1"  signature="()V" >
				<lines><line number="122"  hits="1" /></lines>
			</method>
			<method name="(anonymous_6)"  hits="139"  signature="()V" >
				<lines><line number="127"  hits="139" /></lines>
			</method>
			<method name="(anonymous_7)"  hits="66"  signature="()V" >
				<lines><line number="163"  hits="66" /></lines>
			</method>
			<method name="(anonymous_8)"  hits="70"  signature="()V" >
				<lines><line number="172"  hits="70" /></lines>
			</method>
			<method name="(anonymous_9)"  hits="1"  signature="()V" >
				<lines><line number="174"  hits="1" /></lines>
			</method>
			<method name="(anonymous_10)"  hits="1"  signature="()V" >
				<lines><line number="180"  hits="1" /></lines>
			</method>
			<method name="(anonymous_11)"  hits="2"  signature="()V" >
				<lines><line number="195"  hits="2" /></lines>
			</method>
		</methods>
		<lines>
			<line number="51"  hits="1"  branch="true"  condition-coverage="100% (2/2)" />
			<line number="52"  hits="1"  branch="false" />
			<line number="53"  hits="1"  branch="false" />
			<line number="54"  hits="1"  branch="false" />
			<line number="55"  hits="1"  branch="false" />
			<line number="56"  hits="1"  branch="false" />
			<line number="86"  hits="66"  branch="true"  condition-coverage="66.66666666666666% (2/3)" />
			<line number="87"  hits="1"  branch="false" />
			<line number="89"  hits="1"  branch="false" />
			<line number="96"  hits="66"  branch="false" />
			<line number="104"  hits="66"  branch="false" />
			<line number="106"  hits="7"  branch="false" />
			<line number="107"  hits="7"  branch="true"  condition-coverage="75% (3/4)" />
			<line number="108"  hits="0"  branch="false" />
			<line number="110"  hits="7"  branch="true"  condition-coverage="100% (2/2)" />
			<line number="111"  hits="2"  branch="false" />
			<line number="112"  hits="2"  branch="true"  condition-coverage="100% (4/4)" />
			<line number="113"  hits="1"  branch="false" />
			<line number="117"  hits="1"  branch="true"  condition-coverage="75% (3/4)" />
			<line number="118"  hits="1"  branch="false" />
			<line number="122"  hits="1"  branch="false" />
			<line number="127"  hits="1"  branch="false" />
			<line number="128"  hits="139"  branch="false" />
			<line number="129"  hits="139"  branch="true"  condition-coverage="100% (2/2)" />
			<line number="130"  hits="139"  branch="true"  condition-coverage="100% (2/2)" />
			<line number="131"  hits="139"  branch="false" />
			<line number="133"  hits="139"  branch="false" />
			<line number="139"  hits="139"  branch="false" />
			<line number="146"  hits="139"  branch="false" />
			<line number="163"  hits="1"  branch="false" />
			<line number="164"  hits="66"  branch="false" />
			<line number="165"  hits="66"  branch="true"  condition-coverage="100% (2/2)" />
			<line number="166"  hits="6"  branch="false" />
			<line number="168"  hits="60"  branch="false" />
			<line number="172"  hits="70"  branch="false" />
			<line number="173"  hits="70"  branch="true"  condition-coverage="100% (2/2)" />
			<line number="174"  hits="1"  branch="false" />
			<line number="175"  hits="1"  branch="false" />
			<line number="180"  hits="1"  branch="false" />
			<line number="184"  hits="66"  branch="false" />
			<line number="185"  hits="64"  branch="false" />
			<line number="186"  hits="64"  branch="true"  condition-coverage="100% (2/2)" />
			<line number="187"  hits="63"  branch="false" />
			<line number="188"  hits="63"  branch="false" />
			<line number="195"  hits="1"  branch="false" />
			<line number="196"  hits="2"  branch="false" />
			<line number="198"  hits="1"  branch="false" />
			<line number="199"  hits="1"  branch="false" />
			<line number="201"  hits="1"  branch="false" />
			<line number="202"  hits="1"  branch="false" />
			<line number="204"  hits="0"  branch="false" />
			<line number="207"  hits="1"  branch="false" />
		</lines>
		</class>
	</classes>
	</package>
	<package name="src.components.collapsible-list"  line-rate="0.9286"  branch-rate="0.8889" >
	<classes>
		<class name="collapsibleList.tsx"  filename="src/components/collapsible-list/collapsibleList.tsx"  line-rate="0.9286"  branch-rate="0.8889" >
		<methods>
			<method name="(anonymous_0)"  hits="1"  signature="()V" >
				<lines><line number="58"  hits="1" /></lines>
			</method>
			<method name="CollapsibleList"  hits="12"  signature="()V" >
				<lines><line number="58"  hits="12" /></lines>
			</method>
			<method name="(anonymous_2)"  hits="12"  signature="()V" >
				<lines><line number="68"  hits="12" /></lines>
			</method>
			<method name="(anonymous_3)"  hits="32"  signature="()V" >
				<lines><line number="73"  hits="32" /></lines>
			</method>
			<method name="(anonymous_4)"  hits="12"  signature="()V" >
				<lines><line number="113"  hits="12" /></lines>
			</method>
			<method name="(anonymous_5)"  hits="50"  signature="()V" >
				<lines><line number="117"  hits="50" /></lines>
			</method>
		</methods>
		<lines>
			<line number="58"  hits="1"  branch="false" />
			<line number="59"  hits="1"  branch="false" />
			<line number="61"  hits="1"  branch="false" />
			<line number="68"  hits="12"  branch="false" />
			<line number="69"  hits="12"  branch="false" />
			<line number="70"  hits="12"  branch="false" />
			<line number="71"  hits="12"  branch="false" />
			<line number="73"  hits="12"  branch="false" />
			<line number="74"  hits="32"  branch="true"  condition-coverage="100% (2/2)" />
			<line number="75"  hits="32"  branch="false" />
			<line number="81"  hits="12"  branch="true"  condition-coverage="100% (2/2)" />
			<line number="83"  hits="9"  branch="false" />
			<line number="88"  hits="12"  branch="true"  condition-coverage="100% (2/2)" />
			<line number="89"  hits="7"  branch="true"  condition-coverage="100% (2/2)" />
			<line number="90"  hits="7"  branch="false" />
			<line number="103"  hits="12"  branch="false" />
			<line number="113"  hits="1"  branch="false" />
			<line number="114"  hits="12"  branch="true"  condition-coverage="50% (1/2)" />
			<line number="115"  hits="0"  branch="false" />
			<line number="117"  hits="12"  branch="false" />
			<line number="118"  hits="50"  branch="true"  condition-coverage="50% (1/2)" />
			<line number="119"  hits="0"  branch="false" />
			<line number="121"  hits="50"  branch="false" />
			<line number="123"  hits="12"  branch="true"  condition-coverage="100% (2/2)" />
			<line number="125"  hits="9"  branch="false" />
			<line number="127"  hits="12"  branch="false" />
			<line number="128"  hits="12"  branch="false" />
			<line number="130"  hits="1"  branch="false" />
		</lines>
		</class>
	</classes>
	</package>
	<package name="src.components.context-menu"  line-rate="0.875"  branch-rate="0.6364" >
	<classes>
		<class name="contextMenu.tsx"  filename="src/components/context-menu/contextMenu.tsx"  line-rate="0.9375"  branch-rate="0.625" >
		<methods>
			<method name="show"  hits="8"  signature="()V" >
				<lines><line number="124"  hits="8" /></lines>
			</method>
			<method name="hide"  hits="10"  signature="()V" >
				<lines><line number="136"  hits="10" /></lines>
			</method>
			<method name="isOpen"  hits="0"  signature="()V" >
				<lines><line number="143"  hits="0" /></lines>
			</method>
			<method name="remove"  hits="2"  signature="()V" >
				<lines><line number="147"  hits="2" /></lines>
			</method>
		</methods>
		<lines>
			<line number="32"  hits="1"  branch="false" />
			<line number="35"  hits="1"  branch="false" />
			<line number="125"  hits="8"  branch="true"  condition-coverage="100% (2/2)" />
			<line number="126"  hits="2"  branch="false" />
			<line number="127"  hits="2"  branch="false" />
			<line number="128"  hits="2"  branch="false" />
			<line number="129"  hits="2"  branch="false" />
			<line number="132"  hits="8"  branch="false" />
			<line number="137"  hits="10"  branch="true"  condition-coverage="100% (2/2)" />
			<line number="138"  hits="8"  branch="false" />
			<line number="144"  hits="0"  branch="true"  condition-coverage="0% (0/2)" />
			<line number="148"  hits="2"  branch="true"  condition-coverage="50% (1/2)" />
			<line number="149"  hits="2"  branch="false" />
			<line number="150"  hits="2"  branch="false" />
			<line number="151"  hits="2"  branch="false" />
			<line number="152"  hits="2"  branch="false" />
		</lines>
		</class>
		<class name="contextMenuTarget.tsx"  filename="src/components/context-menu/contextMenuTarget.tsx"  line-rate="0.8332999999999999"  branch-rate="0.6429" >
		<methods>
			<method name="ContextMenuTarget"  hits="2"  signature="()V" >
				<lines><line number="25"  hits="2" /></lines>
			</method>
			<method name="(anonymous_1)"  hits="2"  signature="()V" >
				<lines><line number="30"  hits="2" /></lines>
			</method>
			<method name="ContextMenuTargetClass"  hits="3"  signature="()V" >
				<lines><line number="30"  hits="3" /></lines>
			</method>
			<method name="(anonymous_3)"  hits="3"  signature="()V" >
				<lines><line number="33"  hits="3" /></lines>
			</method>
			<method name="(anonymous_4)"  hits="4"  signature="()V" >
				<lines><line number="46"  hits="4" /></lines>
			</method>
		</methods>
		<lines>
			<line number="26"  hits="2"  branch="true"  condition-coverage="50% (1/2)" />
			<line number="27"  hits="0"  branch="false" />
			<line number="30"  hits="2"  branch="false" />
			<line number="33"  hits="3"  branch="false" />
			<line number="34"  hits="3"  branch="false" />
			<line number="36"  hits="3"  branch="true"  condition-coverage="50% (1/2)" />
			<line number="38"  hits="0"  branch="false" />
			<line number="41"  hits="3"  branch="true"  condition-coverage="50% (1/2)" />
			<line number="42"  hits="0"  branch="false" />
			<line number="43"  hits="0"  branch="false" />
			<line number="45"  hits="3"  branch="false" />
			<line number="46"  hits="3"  branch="false" />
			<line number="48"  hits="4"  branch="true"  condition-coverage="100% (2/2)" />
			<line number="49"  hits="1"  branch="false" />
			<line number="52"  hits="3"  branch="true"  condition-coverage="50% (1/2)" />
			<line number="53"  hits="3"  branch="false" />
			<line number="54"  hits="3"  branch="true"  condition-coverage="50% (1/2)" />
			<line number="55"  hits="3"  branch="false" />
			<line number="56"  hits="3"  branch="true"  condition-coverage="100% (2/2)" />
			<line number="57"  hits="3"  branch="false" />
			<line number="58"  hits="3"  branch="false" />
			<line number="62"  hits="3"  branch="false" />
			<line number="65"  hits="3"  branch="false" />
			<line number="67"  hits="2"  branch="false" />
		</lines>
		</class>
	</classes>
	</package>
	<package name="src.components.dialog"  line-rate="0.92"  branch-rate="0.7646999999999999" >
	<classes>
		<class name="dialog.tsx"  filename="src/components/dialog/dialog.tsx"  line-rate="0.92"  branch-rate="0.7646999999999999" >
		<methods>
			<method name="(anonymous_0)"  hits="1"  signature="()V" >
				<lines><line number="65"  hits="1" /></lines>
			</method>
			<method name="Dialog"  hits="14"  signature="()V" >
				<lines><line number="65"  hits="14" /></lines>
			</method>
			<method name="(anonymous_2)"  hits="1"  signature="()V" >
				<lines><line number="125"  hits="1" /></lines>
			</method>
			<method name="(anonymous_3)"  hits="18"  signature="()V" >
				<lines><line number="73"  hits="18" /></lines>
			</method>
			<method name="(anonymous_4)"  hits="18"  signature="()V" >
				<lines><line number="86"  hits="18" /></lines>
			</method>
			<method name="(anonymous_5)"  hits="5"  signature="()V" >
				<lines><line number="97"  hits="5" /></lines>
			</method>
			<method name="(anonymous_6)"  hits="18"  signature="()V" >
				<lines><line number="111"  hits="18" /></lines>
			</method>
		</methods>
		<lines>
			<line number="65"  hits="14"  branch="true"  condition-coverage="66.66666666666666% (2/3)" />
			<line number="66"  hits="1"  branch="false" />
			<line number="71"  hits="1"  branch="false" />
			<line number="73"  hits="1"  branch="false" />
			<line number="74"  hits="18"  branch="false" />
			<line number="86"  hits="1"  branch="false" />
			<line number="87"  hits="18"  branch="true"  condition-coverage="100% (2/2)" />
			<line number="88"  hits="13"  branch="true"  condition-coverage="50% (1/2)" />
			<line number="89"  hits="0"  branch="false" />
			<line number="91"  hits="13"  branch="true"  condition-coverage="50% (1/2)" />
			<line number="92"  hits="0"  branch="false" />
			<line number="97"  hits="1"  branch="false" />
			<line number="100"  hits="5"  branch="true"  condition-coverage="100% (2/2)" />
			<line number="101"  hits="4"  branch="false" />
			<line number="107"  hits="1"  branch="false" />
			<line number="111"  hits="1"  branch="false" />
			<line number="112"  hits="18"  branch="false" />
			<line number="113"  hits="18"  branch="true"  condition-coverage="100% (2/2)" />
			<line number="114"  hits="13"  branch="false" />
			<line number="116"  hits="5"  branch="false" />
			<line number="125"  hits="14"  branch="false" />
			<line number="127"  hits="1"  branch="false" />
			<line number="128"  hits="1"  branch="true"  condition-coverage="75% (3/4)" />
			<line number="129"  hits="1"  branch="false" />
			<line number="132"  hits="1"  branch="false" />
		</lines>
		</class>
	</classes>
	</package>
	<package name="src.components.editable-text"  line-rate="0.9512"  branch-rate="0.8426" >
	<classes>
		<class name="editableText.tsx"  filename="src/components/editable-text/editableText.tsx"  line-rate="0.9512"  branch-rate="0.8426" >
		<methods>
			<method name="(anonymous_0)"  hits="1"  signature="()V" >
				<lines><line number="107"  hits="1" /></lines>
			</method>
			<method name="EditableText"  hits="22"  signature="()V" >
				<lines><line number="136"  hits="22" /></lines>
			</method>
			<method name="(anonymous_2)"  hits="16"  signature="()V" >
				<lines><line number="121"  hits="16" /></lines>
			</method>
			<method name="(anonymous_3)"  hits="27"  signature="()V" >
				<lines><line number="124"  hits="27" /></lines>
			</method>
			<method name="(anonymous_4)"  hits="2"  signature="()V" >
				<lines><line number="218"  hits="2" /></lines>
			</method>
			<method name="(anonymous_5)"  hits="7"  signature="()V" >
				<lines><line number="227"  hits="7" /></lines>
			</method>
			<method name="(anonymous_6)"  hits="1"  signature="()V" >
				<lines><line number="237"  hits="1" /></lines>
			</method>
			<method name="(anonymous_7)"  hits="24"  signature="()V" >
				<lines><line number="243"  hits="24" /></lines>
			</method>
			<method name="(anonymous_8)"  hits="14"  signature="()V" >
				<lines><line number="252"  hits="14" /></lines>
			</method>
			<method name="(anonymous_9)"  hits="74"  signature="()V" >
				<lines><line number="149"  hits="74" /></lines>
			</method>
			<method name="(anonymous_10)"  hits="22"  signature="()V" >
				<lines><line number="193"  hits="22" /></lines>
			</method>
			<method name="(anonymous_11)"  hits="51"  signature="()V" >
				<lines><line number="197"  hits="51" /></lines>
			</method>
			<method name="(anonymous_12)"  hits="3"  signature="()V" >
				<lines><line number="204"  hits="3" /></lines>
			</method>
			<method name="(anonymous_13)"  hits="74"  signature="()V" >
				<lines><line number="280"  hits="74" /></lines>
			</method>
			<method name="(anonymous_14)"  hits="73"  signature="()V" >
				<lines><line number="303"  hits="73" /></lines>
			</method>
			<method name="(anonymous_15)"  hits="26"  signature="()V" >
				<lines><line number="333"  hits="26" /></lines>
			</method>
			<method name="getFontSize"  hits="66"  signature="()V" >
				<lines><line number="339"  hits="66" /></lines>
			</method>
			<method name="getLineHeight"  hits="132"  signature="()V" >
				<lines><line number="344"  hits="132" /></lines>
			</method>
			<method name="insertAtCaret"  hits="4"  signature="()V" >
				<lines><line number="363"  hits="4" /></lines>
			</method>
		</methods>
		<lines>
			<line number="104"  hits="1"  branch="false" />
			<line number="105"  hits="1"  branch="false" />
			<line number="107"  hits="1"  branch="false" />
			<line number="108"  hits="1"  branch="false" />
			<line number="120"  hits="22"  branch="false" />
			<line number="122"  hits="16"  branch="false" />
			<line number="125"  hits="27"  branch="true"  condition-coverage="100% (2/2)" />
			<line number="126"  hits="18"  branch="false" />
			<line number="127"  hits="18"  branch="false" />
			<line number="128"  hits="18"  branch="true"  condition-coverage="100% (2/2)" />
			<line number="129"  hits="18"  branch="true"  condition-coverage="100% (2/2)" />
			<line number="130"  hits="17"  branch="false" />
			<line number="137"  hits="22"  branch="true"  condition-coverage="50% (1/2)" />
			<line number="139"  hits="22"  branch="true"  condition-coverage="100% (2/2)" />
			<line number="140"  hits="22"  branch="false" />
			<line number="149"  hits="1"  branch="false" />
			<line number="150"  hits="74"  branch="false" />
			<line number="151"  hits="74"  branch="true"  condition-coverage="100% (2/2)" />
			<line number="152"  hits="74"  branch="true"  condition-coverage="100% (2/2)" />
			<line number="154"  hits="74"  branch="false" />
			<line number="167"  hits="74"  branch="true"  condition-coverage="100% (2/2)" />
			<line number="170"  hits="31"  branch="true"  condition-coverage="100% (2/2)" />
			<line number="173"  hits="43"  branch="false" />
			<line number="182"  hits="74"  branch="true"  condition-coverage="100% (4/4)" />
			<line number="183"  hits="74"  branch="false" />
			<line number="193"  hits="1"  branch="false" />
			<line number="194"  hits="22"  branch="false" />
			<line number="197"  hits="1"  branch="false" />
			<line number="198"  hits="51"  branch="true"  condition-coverage="100% (4/4)" />
			<line number="199"  hits="4"  branch="false" />
			<line number="201"  hits="51"  branch="false" />
			<line number="204"  hits="1"  branch="false" />
			<line number="205"  hits="3"  branch="false" />
			<line number="206"  hits="3"  branch="true"  condition-coverage="100% (2/2)" />
			<line number="207"  hits="2"  branch="false" />
			<line number="209"  hits="3"  branch="true"  condition-coverage="50% (1/2)" />
			<line number="210"  hits="3"  branch="false" />
			<line number="212"  hits="3"  branch="true"  condition-coverage="60% (3/5)" />
			<line number="213"  hits="0"  branch="false" />
			<line number="215"  hits="3"  branch="false" />
			<line number="218"  hits="22"  branch="false" />
			<line number="219"  hits="2"  branch="false" />
			<line number="220"  hits="2"  branch="false" />
			<line number="221"  hits="2"  branch="true"  condition-coverage="50% (1/2)" />
			<line number="222"  hits="2"  branch="false" />
			<line number="224"  hits="2"  branch="false" />
			<line number="227"  hits="22"  branch="false" />
			<line number="228"  hits="7"  branch="true"  condition-coverage="50% (1/2)" />
			<line number="229"  hits="7"  branch="false" />
			<line number="230"  hits="7"  branch="false" />
			<line number="231"  hits="7"  branch="false" />
			<line number="232"  hits="0"  branch="true"  condition-coverage="0% (0/2)" />
			<line number="233"  hits="0"  branch="false" />
			<line number="237"  hits="22"  branch="false" />
			<line number="238"  hits="1"  branch="true"  condition-coverage="50% (1/2)" />
			<line number="239"  hits="1"  branch="false" />
			<line number="243"  hits="22"  branch="false" />
			<line number="244"  hits="24"  branch="false" />
			<line number="246"  hits="24"  branch="true"  condition-coverage="100% (2/2)" />
			<line number="247"  hits="20"  branch="false" />
			<line number="249"  hits="24"  branch="false" />
			<line number="252"  hits="22"  branch="false" />
			<line number="253"  hits="14"  branch="false" />
			<line number="254"  hits="14"  branch="true"  condition-coverage="100% (2/2)" />
			<line number="255"  hits="2"  branch="false" />
			<line number="256"  hits="2"  branch="false" />
			<line number="259"  hits="12"  branch="true"  condition-coverage="100% (4/4)" />
			<line number="260"  hits="12"  branch="true"  condition-coverage="50% (1/2)" />
			<line number="263"  hits="12"  branch="true"  condition-coverage="100% (4/4)" />
			<line number="264"  hits="4"  branch="false" />
			<line number="267"  hits="12"  branch="true"  condition-coverage="100% (4/4)" />
			<line number="268"  hits="5"  branch="true"  condition-coverage="100% (4/4)" />
			<line number="269"  hits="4"  branch="false" />
			<line number="270"  hits="4"  branch="false" />
			<line number="272"  hits="1"  branch="false" />
			<line number="274"  hits="7"  branch="true"  condition-coverage="100% (4/4)" />
			<line number="275"  hits="6"  branch="false" />
			<line number="280"  hits="1"  branch="false" />
			<line number="281"  hits="74"  branch="false" />
			<line number="282"  hits="74"  branch="true"  condition-coverage="100% (2/2)" />
			<line number="283"  hits="19"  branch="false" />
			<line number="285"  hits="55"  branch="false" />
			<line number="300"  hits="55"  branch="true"  condition-coverage="100% (2/2)" />
			<line number="303"  hits="1"  branch="false" />
			<line number="304"  hits="73"  branch="true"  condition-coverage="100% (2/2)" />
			<line number="305"  hits="66"  branch="false" />
			<line number="306"  hits="66"  branch="false" />
			<line number="307"  hits="66"  branch="false" />
			<line number="308"  hits="66"  branch="false" />
			<line number="311"  hits="66"  branch="true"  condition-coverage="100% (5/5)" />
			<line number="312"  hits="4"  branch="false" />
			<line number="314"  hits="66"  branch="true"  condition-coverage="50% (1/2)" />
			<line number="316"  hits="0"  branch="false" />
			<line number="320"  hits="66"  branch="false" />
			<line number="322"  hits="66"  branch="true"  condition-coverage="50% (1/2)" />
			<line number="323"  hits="0"  branch="false" />
			<line number="324"  hits="66"  branch="true"  condition-coverage="50% (1/2)" />
			<line number="325"  hits="0"  branch="false" />
			<line number="327"  hits="66"  branch="false" />
			<line number="332"  hits="66"  branch="true"  condition-coverage="100% (4/4)" />
			<line number="333"  hits="26"  branch="false" />
			<line number="337"  hits="1"  branch="false" />
			<line number="340"  hits="66"  branch="false" />
			<line number="341"  hits="66"  branch="true"  condition-coverage="50% (1/2)" />
			<line number="346"  hits="132"  branch="false" />
			<line number="348"  hits="132"  branch="true"  condition-coverage="50% (1/2)" />
			<line number="350"  hits="132"  branch="false" />
			<line number="351"  hits="132"  branch="false" />
			<line number="352"  hits="132"  branch="false" />
			<line number="353"  hits="132"  branch="false" />
			<line number="354"  hits="132"  branch="false" />
			<line number="355"  hits="132"  branch="false" />
			<line number="356"  hits="132"  branch="false" />
			<line number="358"  hits="132"  branch="false" />
			<line number="360"  hits="132"  branch="false" />
			<line number="364"  hits="4"  branch="false" />
			<line number="365"  hits="4"  branch="true"  condition-coverage="50% (1/2)" />
			<line number="366"  hits="4"  branch="false" />
			<line number="367"  hits="4"  branch="false" />
			<line number="368"  hits="4"  branch="false" />
			<line number="369"  hits="4"  branch="false" />
			<line number="370"  hits="4"  branch="false" />
			<line number="371"  hits="4"  branch="false" />
		</lines>
		</class>
	</classes>
	</package>
	<package name="src.components.forms"  line-rate="0.9659"  branch-rate="0.915" >
	<classes>
		<class name="controlGroup.tsx"  filename="src/components/forms/controlGroup.tsx"  line-rate="1"  branch-rate="1" >
		<methods>
		</methods>
		<lines>
		</lines>
		</class>
		<class name="controls.tsx"  filename="src/components/forms/controls.tsx"  line-rate="0.9091"  branch-rate="0.9333" >
		<methods>
			<method name="(anonymous_0)"  hits="29"  signature="()V" >
				<lines><line number="95"  hits="29" /></lines>
			</method>
			<method name="(anonymous_1)"  hits="1"  signature="()V" >
				<lines><line number="124"  hits="1" /></lines>
			</method>
			<method name="Switch"  hits="4"  signature="()V" >
				<lines><line number="124"  hits="4" /></lines>
			</method>
			<method name="(anonymous_3)"  hits="4"  signature="()V" >
				<lines><line number="127"  hits="4" /></lines>
			</method>
			<method name="(anonymous_4)"  hits="1"  signature="()V" >
				<lines><line number="138"  hits="1" /></lines>
			</method>
			<method name="Radio"  hits="15"  signature="()V" >
				<lines><line number="138"  hits="15" /></lines>
			</method>
			<method name="(anonymous_6)"  hits="15"  signature="()V" >
				<lines><line number="141"  hits="15" /></lines>
			</method>
			<method name="(anonymous_7)"  hits="1"  signature="()V" >
				<lines><line number="171"  hits="1" /></lines>
			</method>
			<method name="Checkbox"  hits="10"  signature="()V" >
				<lines><line number="171"  hits="10" /></lines>
			</method>
			<method name="(anonymous_9)"  hits="0"  signature="()V" >
				<lines><line number="223"  hits="0" /></lines>
			</method>
			<method name="(anonymous_10)"  hits="10"  signature="()V" >
				<lines><line number="229"  hits="10" /></lines>
			</method>
			<method name="(anonymous_11)"  hits="10"  signature="()V" >
				<lines><line number="182"  hits="10" /></lines>
			</method>
			<method name="(anonymous_12)"  hits="0"  signature="()V" >
				<lines><line number="196"  hits="0" /></lines>
			</method>
			<method name="(anonymous_13)"  hits="10"  signature="()V" >
				<lines><line number="200"  hits="10" /></lines>
			</method>
			<method name="(anonymous_14)"  hits="0"  signature="()V" >
				<lines><line number="204"  hits="0" /></lines>
			</method>
			<method name="(anonymous_15)"  hits="10"  signature="()V" >
				<lines><line number="208"  hits="10" /></lines>
			</method>
			<method name="(anonymous_16)"  hits="10"  signature="()V" >
				<lines><line number="217"  hits="10" /></lines>
			</method>
		</methods>
		<lines>
			<line number="81"  hits="1"  branch="false" />
			<line number="82"  hits="29"  branch="false" />
			<line number="83"  hits="29"  branch="false" />
			<line number="84"  hits="29"  branch="false" />
			<line number="85"  hits="29"  branch="false" />
			<line number="86"  hits="29"  branch="false" />
			<line number="87"  hits="29"  branch="false" />
			<line number="88"  hits="29"  branch="false" />
			<line number="89"  hits="29"  branch="false" />
			<line number="90"  hits="29"  branch="false" />
			<line number="91"  hits="29"  branch="false" />
			<line number="92"  hits="29"  branch="false" />
			<line number="93"  hits="29"  branch="false" />
			<line number="94"  hits="29"  branch="false" />
			<line number="96"  hits="29"  branch="false" />
			<line number="107"  hits="29"  branch="false" />
			<line number="124"  hits="1"  branch="false" />
			<line number="125"  hits="1"  branch="false" />
			<line number="127"  hits="1"  branch="false" />
			<line number="128"  hits="4"  branch="false" />
			<line number="130"  hits="1"  branch="false" />
			<line number="138"  hits="1"  branch="false" />
			<line number="139"  hits="1"  branch="false" />
			<line number="141"  hits="1"  branch="false" />
			<line number="142"  hits="15"  branch="false" />
			<line number="144"  hits="1"  branch="false" />
			<line number="171"  hits="10"  branch="true"  condition-coverage="100% (3/3)" />
			<line number="172"  hits="1"  branch="false" />
			<line number="174"  hits="10"  branch="false" />
			<line number="182"  hits="1"  branch="false" />
			<line number="183"  hits="10"  branch="false" />
			<line number="184"  hits="10"  branch="false" />
			<line number="196"  hits="1"  branch="false" />
			<line number="197"  hits="0"  branch="false" />
			<line number="200"  hits="1"  branch="false" />
			<line number="201"  hits="10"  branch="false" />
			<line number="204"  hits="1"  branch="false" />
			<line number="205"  hits="0"  branch="false" />
			<line number="208"  hits="1"  branch="false" />
			<line number="209"  hits="10"  branch="true"  condition-coverage="100% (2/2)" />
			<line number="210"  hits="4"  branch="false" />
			<line number="211"  hits="6"  branch="true"  condition-coverage="100% (2/2)" />
[...]
		</lines>
		</class>
	</classes>
	</package>
	<package name="src.components.text"  line-rate="1"  branch-rate="1" >
	<classes>
		<class name="text.tsx"  filename="src/components/text/text.tsx"  line-rate="1"  branch-rate="1" >
		<methods>
			<method name="(anonymous_0)"  hits="1"  signature="()V" >
				<lines><line number="33"  hits="1" /></lines>
			</method>
			<method name="Text"  hits="103"  signature="()V" >
				<lines><line number="33"  hits="103" /></lines>
			</method>
			<method name="(anonymous_2)"  hits="117"  signature="()V" >
				<lines><line number="41"  hits="117" /></lines>
			</method>
			<method name="(anonymous_3)"  hits="103"  signature="()V" >
				<lines><line number="44"  hits="103" /></lines>
			</method>
			<method name="(anonymous_4)"  hits="104"  signature="()V" >
				<lines><line number="48"  hits="104" /></lines>
			</method>
			<method name="(anonymous_5)"  hits="207"  signature="()V" >
				<lines><line number="52"  hits="207" /></lines>
			</method>
			<method name="(anonymous_6)"  hits="207"  signature="()V" >
				<lines><line number="71"  hits="207" /></lines>
			</method>
		</methods>
		<lines>
			<line number="33"  hits="103"  branch="true"  condition-coverage="100% (3/3)" />
			<line number="34"  hits="103"  branch="false" />
			<line number="40"  hits="103"  branch="false" />
			<line number="41"  hits="117"  branch="false" />
			<line number="44"  hits="1"  branch="false" />
			<line number="45"  hits="103"  branch="false" />
			<line number="48"  hits="1"  branch="false" />
			<line number="49"  hits="104"  branch="false" />
			<line number="52"  hits="1"  branch="false" />
			<line number="53"  hits="207"  branch="false" />
			<line number="59"  hits="414"  branch="true"  condition-coverage="100% (2/2)" />
			<line number="60"  hits="207"  branch="false" />
			<line number="71"  hits="1"  branch="false" />
			<line number="72"  hits="207"  branch="false" />
			<line number="76"  hits="207"  branch="false" />
			<line number="78"  hits="1"  branch="false" />
		</lines>
		</class>
	</classes>
	</package>
	<package name="src.components.toast"  line-rate="0.9625"  branch-rate="0.8371999999999999" >
	<classes>
		<class name="toast.tsx"  filename="src/components/toast/toast.tsx"  line-rate="1"  branch-rate="0.9333" >
		<methods>
			<method name="(anonymous_0)"  hits="1"  signature="()V" >
				<lines><line number="47"  hits="1" /></lines>
			</method>
			<method name="Toast"  hits="26"  signature="()V" >
				<lines><line number="47"  hits="26" /></lines>
			</method>
			<method name="(anonymous_2)"  hits="3"  signature="()V" >
				<lines><line number="102"  hits="3" /></lines>
			</method>
			<method name="(anonymous_3)"  hits="2"  signature="()V" >
				<lines><line number="107"  hits="2" /></lines>
			</method>
			<method name="(anonymous_4)"  hits="27"  signature="()V" >
				<lines><line number="114"  hits="27" /></lines>
			</method>
			<method name="(anonymous_5)"  hits="2"  signature="()V" >
				<lines><line number="116"  hits="2" /></lines>
			</method>
			<method name="(anonymous_6)"  hits="41"  signature="()V" >
				<lines><line number="56"  hits="41" /></lines>
			</method>
			<method name="(anonymous_7)"  hits="26"  signature="()V" >
				<lines><line number="77"  hits="26" /></lines>
			</method>
			<method name="(anonymous_8)"  hits="15"  signature="()V" >
				<lines><line number="81"  hits="15" /></lines>
			</method>
			<method name="(anonymous_9)"  hits="18"  signature="()V" >
				<lines><line number="89"  hits="18" /></lines>
			</method>
			<method name="(anonymous_10)"  hits="41"  signature="()V" >
				<lines><line number="93"  hits="41" /></lines>
			</method>
			<method name="(anonymous_11)"  hits="7"  signature="()V" >
				<lines><line number="109"  hits="7" /></lines>
			</method>
		</methods>
		<lines>
			<line number="47"  hits="26"  branch="true"  condition-coverage="66.66666666666666% (2/3)" />
			<line number="48"  hits="1"  branch="false" />
			<line number="54"  hits="1"  branch="false" />
			<line number="56"  hits="1"  branch="false" />
			<line number="57"  hits="41"  branch="false" />
			<line number="58"  hits="41"  branch="false" />
			<line number="77"  hits="1"  branch="false" />
			<line number="78"  hits="26"  branch="false" />
			<line number="81"  hits="1"  branch="false" />
			<line number="82"  hits="15"  branch="true"  condition-coverage="100% (4/4)" />
			<line number="83"  hits="1"  branch="false" />
			<line number="84"  hits="14"  branch="true"  condition-coverage="100% (4/4)" />
			<line number="85"  hits="1"  branch="false" />
			<line number="89"  hits="1"  branch="false" />
			<line number="90"  hits="18"  branch="false" />
			<line number="93"  hits="1"  branch="false" />
			<line number="94"  hits="41"  branch="false" />
			<line number="95"  hits="41"  branch="true"  condition-coverage="100% (2/2)" />
			<line number="96"  hits="37"  branch="false" />
			<line number="98"  hits="4"  branch="false" />
			<line number="102"  hits="26"  branch="false" />
			<line number="103"  hits="3"  branch="false" />
			<line number="104"  hits="3"  branch="false" />
			<line number="107"  hits="26"  branch="false" />
			<line number="109"  hits="1"  branch="false" />
			<line number="110"  hits="7"  branch="false" />
			<line number="111"  hits="7"  branch="false" />
			<line number="114"  hits="26"  branch="false" />
			<line number="115"  hits="27"  branch="true"  condition-coverage="100% (2/2)" />
			<line number="116"  hits="24"  branch="false" />
			<line number="119"  hits="1"  branch="false" />
		</lines>
		</class>
		<class name="toaster.tsx"  filename="src/components/toast/toaster.tsx"  line-rate="0.9388"  branch-rate="0.7857" >
		<methods>
			<method name="(anonymous_0)"  hits="1"  signature="()V" >
				<lines><line number="92"  hits="1" /></lines>
			</method>
			<method name="Toaster"  hits="3"  signature="()V" >
				<lines><line number="92"  hits="3" /></lines>
			</method>
			<method name="(anonymous_2)"  hits="31"  signature="()V" >
				<lines><line number="201"  hits="31" /></lines>
			</method>
			<method name="(anonymous_3)"  hits="2"  signature="()V" >
				<lines><line number="201"  hits="2" /></lines>
			</method>
			<method name="(anonymous_4)"  hits="0"  signature="()V" >
				<lines><line number="205"  hits="0" /></lines>
			</method>
			<method name="(anonymous_5)"  hits="3"  signature="()V" >
				<lines><line number="104"  hits="3" /></lines>
			</method>
			<method name="(anonymous_6)"  hits="19"  signature="()V" >
				<lines><line number="124"  hits="19" /></lines>
			</method>
			<method name="(anonymous_7)"  hits="18"  signature="()V" >
				<lines><line number="127"  hits="18" /></lines>
			</method>
			<method name="(anonymous_8)"  hits="1"  signature="()V" >
				<lines><line number="131"  hits="1" /></lines>
			</method>
			<method name="(anonymous_9)"  hits="1"  signature="()V" >
				<lines><line number="132"  hits="1" /></lines>
			</method>
			<method name="(anonymous_10)"  hits="4"  signature="()V" >
				<lines><line number="138"  hits="4" /></lines>
			</method>
			<method name="(anonymous_11)"  hits="4"  signature="()V" >
				<lines><line number="139"  hits="4" /></lines>
			</method>
			<method name="(anonymous_12)"  hits="6"  signature="()V" >
				<lines><line number="140"  hits="6" /></lines>
			</method>
			<method name="(anonymous_13)"  hits="15"  signature="()V" >
				<lines><line number="150"  hits="15" /></lines>
			</method>
			<method name="(anonymous_14)"  hits="14"  signature="()V" >
				<lines><line number="151"  hits="14" /></lines>
			</method>
			<method name="(anonymous_15)"  hits="8"  signature="()V" >
				<lines><line number="155"  hits="8" /></lines>
			</method>
			<method name="(anonymous_16)"  hits="41"  signature="()V" >
				<lines><line number="159"  hits="41" /></lines>
			</method>
			<method name="(anonymous_17)"  hits="1"  signature="()V" >
				<lines><line number="182"  hits="1" /></lines>
			</method>
			<method name="(anonymous_18)"  hits="1"  signature="()V" >
				<lines><line number="183"  hits="1" /></lines>
			</method>
			<method name="(anonymous_19)"  hits="31"  signature="()V" >
				<lines><line number="186"  hits="31" /></lines>
			</method>
			<method name="(anonymous_20)"  hits="19"  signature="()V" >
				<lines><line number="190"  hits="19" /></lines>
			</method>
			<method name="(anonymous_21)"  hits="41"  signature="()V" >
				<lines><line number="195"  hits="41" /></lines>
			</method>
			<method name="(anonymous_22)"  hits="41"  signature="()V" >
				<lines><line number="198"  hits="41" /></lines>
			</method>
		</methods>
		<lines>
			<line number="92"  hits="3"  branch="true"  condition-coverage="66.66666666666666% (2/3)" />
			<line number="93"  hits="1"  branch="false" />
			<line number="104"  hits="4"  branch="true"  condition-coverage="100% (2/2)" />
			<line number="105"  hits="3"  branch="true"  condition-coverage="60% (3/5)" />
			<line number="106"  hits="0"  branch="false" />
			<line number="108"  hits="3"  branch="false" />
			<line number="109"  hits="3"  branch="false" />
			<line number="110"  hits="3"  branch="false" />
			<line number="111"  hits="3"  branch="true"  condition-coverage="100% (2/2)" />
			<line number="112"  hits="1"  branch="false" />
			<line number="114"  hits="2"  branch="false" />
			<line number="117"  hits="3"  branch="false" />
			<line number="122"  hits="3"  branch="false" />
			<line number="124"  hits="1"  branch="false" />
			<line number="125"  hits="19"  branch="false" />
			<line number="126"  hits="19"  branch="true"  condition-coverage="100% (4/4)" />
			<line number="127"  hits="18"  branch="false" />
			<line number="131"  hits="1"  branch="false" />
			<line number="132"  hits="1"  branch="true"  condition-coverage="50% (1/2)" />
			<line number="135"  hits="19"  branch="false" />
			<line number="138"  hits="6"  branch="true"  condition-coverage="100% (2/2)" />
			<line number="139"  hits="4"  branch="false" />
			<line number="141"  hits="6"  branch="false" />
			<line number="142"  hits="6"  branch="true"  condition-coverage="100% (2/2)" />
			<line number="143"  hits="4"  branch="false" />
			<line number="145"  hits="6"  branch="false" />
			<line number="150"  hits="1"  branch="false" />
			<line number="151"  hits="15"  branch="false" />
			<line number="152"  hits="15"  branch="false" />
			<line number="155"  hits="1"  branch="false" />
			<line number="156"  hits="8"  branch="false" />
			<line number="159"  hits="1"  branch="false" />
			<line number="161"  hits="41"  branch="false" />
			<line number="162"  hits="41"  branch="false" />
			<line number="182"  hits="1"  branch="false" />
			<line number="183"  hits="1"  branch="false" />
			<line number="186"  hits="1"  branch="false" />
			<line number="187"  hits="31"  branch="false" />
			<line number="190"  hits="37"  branch="true"  condition-coverage="100% (2/2)" />
			<line number="192"  hits="19"  branch="false" />
			<line number="195"  hits="1"  branch="false" />
			<line number="196"  hits="41"  branch="false" />
			<line number="198"  hits="41"  branch="false" />
			<line number="201"  hits="31"  branch="false" />
			<line number="202"  hits="2"  branch="false" />
			<line number="205"  hits="3"  branch="false" />
			<line number="207"  hits="0"  branch="true"  condition-coverage="0% (0/2)" />
			<line number="208"  hits="0"  branch="false" />
			<line number="211"  hits="1"  branch="false" />
		</lines>
		</class>
	</classes>
	</package>
	<package name="src.components.tooltip"  line-rate="1"  branch-rate="1" >
	<classes>
		<class name="tooltip.tsx"  filename="src/components/tooltip/tooltip.tsx"  line-rate="1"  branch-rate="1" >
		<methods>
			<method name="(anonymous_0)"  hits="1"  signature="()V" >
				<lines><line number="48"  hits="1" /></lines>
			</method>
			<method name="Tooltip"  hits="15"  signature="()V" >
				<lines><line number="48"  hits="15" /></lines>
			</method>
			<method name="(anonymous_2)"  hits="19"  signature="()V" >
				<lines><line number="57"  hits="19" /></lines>
			</method>
		</methods>
		<lines>
			<line number="48"  hits="1"  branch="false" />
			<line number="49"  hits="1"  branch="false" />
			<line number="51"  hits="1"  branch="false" />
			<line number="57"  hits="1"  branch="false" />
			<line number="58"  hits="19"  branch="false" />
			<line number="59"  hits="19"  branch="false" />
			<line number="61"  hits="19"  branch="false" />
			<line number="75"  hits="1"  branch="false" />
		</lines>
		</class>
	</classes>
	</package>
	<package name="src.components.tree"  line-rate="0.9851000000000001"  branch-rate="0.9643" >
	<classes>
		<class name="tree.tsx"  filename="src/components/tree/tree.tsx"  line-rate="0.9743999999999999"  branch-rate="0.9091" >
		<methods>
			<method name="(anonymous_0)"  hits="1"  signature="()V" >
				<lines><line number="55"  hits="1" /></lines>
			</method>
			<method name="Tree"  hits="14"  signature="()V" >
				<lines><line number="55"  hits="14" /></lines>
			</method>
			<method name="(anonymous_2)"  hits="1"  signature="()V" >
				<lines><line number="116"  hits="1" /></lines>
			</method>
			<method name="(anonymous_3)"  hits="1"  signature="()V" >
				<lines><line number="120"  hits="1" /></lines>
			</method>
			<method name="(anonymous_4)"  hits="59"  signature="()V" >
				<lines><line number="124"  hits="59" /></lines>
			</method>
			<method name="(anonymous_5)"  hits="1"  signature="()V" >
				<lines><line number="133"  hits="1" /></lines>
			</method>
			<method name="(anonymous_6)"  hits="1"  signature="()V" >
				<lines><line number="137"  hits="1" /></lines>
			</method>
			<method name="(anonymous_7)"  hits="1"  signature="()V" >
				<lines><line number="141"  hits="1" /></lines>
			</method>
			<method name="(anonymous_8)"  hits="0"  signature="()V" >
				<lines><line number="56"  hits="0" /></lines>
			</method>
			<method name="(anonymous_9)"  hits="6"  signature="()V" >
				<lines><line number="60"  hits="6" /></lines>
			</method>
			<method name="(anonymous_10)"  hits="15"  signature="()V" >
				<lines><line number="70"  hits="15" /></lines>
			</method>
			<method name="(anonymous_11)"  hits="3"  signature="()V" >
				<lines><line number="83"  hits="3" /></lines>
			</method>
			<method name="(anonymous_12)"  hits="108"  signature="()V" >
				<lines><line number="87"  hits="108" /></lines>
			</method>
			<method name="(anonymous_13)"  hits="93"  signature="()V" >
				<lines><line number="92"  hits="93" /></lines>
			</method>
			<method name="(anonymous_14)"  hits="5"  signature="()V" >
				<lines><line number="145"  hits="5" /></lines>
			</method>
		</methods>
		<lines>
			<line number="55"  hits="14"  branch="true"  condition-coverage="100% (3/3)" />
			<line number="56"  hits="1"  branch="false" />
			<line number="57"  hits="0"  branch="false" />
			<line number="60"  hits="1"  branch="false" />
			<line number="61"  hits="6"  branch="true"  condition-coverage="100% (2/2)" />
			<line number="62"  hits="5"  branch="false" />
			<line number="64"  hits="1"  branch="false" />
			<line number="68"  hits="14"  branch="false" />
			<line number="70"  hits="1"  branch="false" />
			<line number="71"  hits="15"  branch="false" />
			<line number="83"  hits="1"  branch="false" />
			<line number="84"  hits="3"  branch="false" />
			<line number="87"  hits="108"  branch="false" />
			<line number="88"  hits="108"  branch="true"  condition-coverage="100% (2/2)" />
			<line number="89"  hits="60"  branch="false" />
			<line number="92"  hits="48"  branch="false" />
			<line number="93"  hits="93"  branch="false" />
			<line number="94"  hits="93"  branch="false" />
			<line number="95"  hits="93"  branch="false" />
			<line number="113"  hits="48"  branch="false" />
			<line number="116"  hits="14"  branch="false" />
			<line number="117"  hits="1"  branch="false" />
			<line number="120"  hits="14"  branch="false" />
			<line number="121"  hits="1"  branch="false" />
			<line number="124"  hits="14"  branch="false" />
			<line number="125"  hits="59"  branch="true"  condition-coverage="100% (2/2)" />
			<line number="126"  hits="58"  branch="false" />
			<line number="129"  hits="1"  branch="false" />
			<line number="133"  hits="14"  branch="false" />
			<line number="134"  hits="1"  branch="false" />
			<line number="137"  hits="14"  branch="false" />
			<line number="138"  hits="1"  branch="false" />
			<line number="141"  hits="14"  branch="false" />
			<line number="142"  hits="1"  branch="false" />
			<line number="145"  hits="1"  branch="false" />
			<line number="146"  hits="5"  branch="true"  condition-coverage="50% (1/2)" />
			<line number="147"  hits="5"  branch="false" />
			<line number="148"  hits="5"  branch="false" />
			<line number="151"  hits="1"  branch="false" />
		</lines>
		</class>
		<class name="treeNode.tsx"  filename="src/components/tree/treeNode.tsx"  line-rate="1"  branch-rate="1" >
		<methods>
			<method name="(anonymous_0)"  hits="1"  signature="()V" >
				<lines><line number="79"  hits="1" /></lines>
			</method>
			<method name="TreeNode"  hits="58"  signature="()V" >
				<lines><line number="79"  hits="58" /></lines>
			</method>
			<method name="(anonymous_2)"  hits="2"  signature="()V" >
				<lines><line number="136"  hits="2" /></lines>
			</method>
			<method name="(anonymous_3)"  hits="1"  signature="()V" >
				<lines><line number="142"  hits="1" /></lines>
			</method>
			<method name="(anonymous_4)"  hits="59"  signature="()V" >
				<lines><line number="146"  hits="59" /></lines>
			</method>
			<method name="(anonymous_5)"  hits="1"  signature="()V" >
				<lines><line number="150"  hits="1" /></lines>
			</method>
			<method name="(anonymous_6)"  hits="1"  signature="()V" >
				<lines><line number="154"  hits="1" /></lines>
			</method>
			<method name="(anonymous_7)"  hits="93"  signature="()V" >
				<lines><line number="80"  hits="93" /></lines>
			</method>
			<method name="(anonymous_8)"  hits="64"  signature="()V" >
				<lines><line number="84"  hits="64" /></lines>
			</method>
			<method name="(anonymous_9)"  hits="64"  signature="()V" >
				<lines><line number="128"  hits="64" /></lines>
			</method>
		</methods>
		<lines>
			<line number="79"  hits="58"  branch="true"  condition-coverage="100% (3/3)" />
			<line number="80"  hits="1"  branch="false" />
			<line number="81"  hits="93"  branch="false" />
			<line number="84"  hits="1"  branch="false" />
			<line number="85"  hits="64"  branch="false" />
			<line number="87"  hits="64"  branch="true"  condition-coverage="100% (2/2)" />
			<line number="88"  hits="64"  branch="true"  condition-coverage="100% (2/2)" />
			<line number="89"  hits="64"  branch="false" />
			<line number="93"  hits="64"  branch="false" />
			<line number="102"  hits="64"  branch="false" />
			<line number="107"  hits="64"  branch="false" />
			<line number="128"  hits="1"  branch="false" />
			<line number="129"  hits="64"  branch="true"  condition-coverage="100% (2/2)" />
			<line number="130"  hits="2"  branch="false" />
			<line number="132"  hits="62"  branch="false" />
			<line number="136"  hits="58"  branch="false" />
			<line number="137"  hits="2"  branch="false" />
			<line number="138"  hits="2"  branch="false" />
			<line number="139"  hits="2"  branch="true"  condition-coverage="100% (2/2)" />
			<line number="142"  hits="58"  branch="false" />
			<line number="143"  hits="1"  branch="false" />
			<line number="146"  hits="58"  branch="false" />
			<line number="147"  hits="59"  branch="false" />
			<line number="150"  hits="58"  branch="false" />
			<line number="151"  hits="1"  branch="false" />
			<line number="154"  hits="58"  branch="false" />
			<line number="155"  hits="1"  branch="false" />
			<line number="157"  hits="1"  branch="false" />
		</lines>
		</class>
	</classes>
	</package>
</packages>
</coverage>
